{"C:\\workspaces\\solo-router\\eslint.config.js": {"path":"C:\\workspaces\\solo-router\\eslint.config.js","all":true,"statementMap":{"0":{"start":{"line":1,"column":0},"end":{"line":1,"column":27}},"1":{"start":{"line":2,"column":0},"end":{"line":2,"column":29}},"2":{"start":{"line":3,"column":0},"end":{"line":3,"column":50}},"3":{"start":{"line":4,"column":0},"end":{"line":4,"column":54}},"4":{"start":{"line":5,"column":0},"end":{"line":5,"column":40}},"5":{"start":{"line":6,"column":0},"end":{"line":6,"column":59}},"6":{"start":{"line":7,"column":0},"end":{"line":7,"column":0}},"7":{"start":{"line":8,"column":0},"end":{"line":8,"column":29}},"8":{"start":{"line":9,"column":0},"end":{"line":9,"column":26}},"9":{"start":{"line":10,"column":0},"end":{"line":10,"column":3}},"10":{"start":{"line":11,"column":0},"end":{"line":11,"column":29}},"11":{"start":{"line":12,"column":0},"end":{"line":12,"column":14}},"12":{"start":{"line":13,"column":0},"end":{"line":13,"column":29}},"13":{"start":{"line":14,"column":0},"end":{"line":14,"column":35}},"14":{"start":{"line":15,"column":0},"end":{"line":15,"column":42}},"15":{"start":{"line":16,"column":0},"end":{"line":16,"column":32}},"16":{"start":{"line":17,"column":0},"end":{"line":17,"column":6}},"17":{"start":{"line":18,"column":0},"end":{"line":18,"column":22}},"18":{"start":{"line":19,"column":0},"end":{"line":19,"column":24}},"19":{"start":{"line":20,"column":0},"end":{"line":20,"column":31}},"20":{"start":{"line":21,"column":0},"end":{"line":21,"column":6}},"21":{"start":{"line":22,"column":0},"end":{"line":22,"column":4}},"22":{"start":{"line":23,"column":0},"end":{"line":23,"column":3}},"23":{"start":{"line":24,"column":0},"end":{"line":24,"column":30}},"24":{"start":{"line":25,"column":0},"end":{"line":25,"column":12}},"25":{"start":{"line":26,"column":0},"end":{"line":26,"column":54}},"26":{"start":{"line":27,"column":0},"end":{"line":27,"column":46}},"27":{"start":{"line":28,"column":0},"end":{"line":28,"column":9}},"28":{"start":{"line":29,"column":0},"end":{"line":29,"column":6}},"29":{"start":{"line":30,"column":0},"end":{"line":30,"column":4}},"30":{"start":{"line":31,"column":0},"end":{"line":31,"column":2}}},"s":{"0":0,"1":0,"2":0,"3":0,"4":0,"5":0,"6":0,"7":0,"8":0,"9":0,"10":0,"11":0,"12":0,"13":0,"14":0,"15":0,"16":0,"17":0,"18":0,"19":0,"20":0,"21":0,"22":0,"23":0,"24":0,"25":0,"26":0,"27":0,"28":0,"29":0,"30":0},"branchMap":{"0":{"type":"branch","line":1,"loc":{"start":{"line":1,"column":0},"end":{"line":31,"column":-469}},"locations":[{"start":{"line":1,"column":0},"end":{"line":31,"column":-469}}]}},"b":{"0":[0]},"fnMap":{"0":{"name":"(empty-report)","decl":{"start":{"line":1,"column":0},"end":{"line":31,"column":-469}},"loc":{"start":{"line":1,"column":0},"end":{"line":31,"column":-469}},"line":1}},"f":{"0":0}}
,"C:\\workspaces\\solo-router\\postcss.config.js": {"path":"C:\\workspaces\\solo-router\\postcss.config.js","all":true,"statementMap":{"0":{"start":{"line":1,"column":0},"end":{"line":1,"column":16}},"1":{"start":{"line":2,"column":0},"end":{"line":2,"column":12}},"2":{"start":{"line":3,"column":0},"end":{"line":3,"column":20}},"3":{"start":{"line":4,"column":0},"end":{"line":4,"column":21}},"4":{"start":{"line":5,"column":0},"end":{"line":5,"column":4}},"5":{"start":{"line":6,"column":0},"end":{"line":6,"column":1}}},"s":{"0":0,"1":0,"2":0,"3":0,"4":0,"5":0},"branchMap":{"0":{"type":"branch","line":1,"loc":{"start":{"line":1,"column":0},"end":{"line":6,"column":-13}},"locations":[{"start":{"line":1,"column":0},"end":{"line":6,"column":-13}}]}},"b":{"0":[0]},"fnMap":{"0":{"name":"(empty-report)","decl":{"start":{"line":1,"column":0},"end":{"line":6,"column":-13}},"loc":{"start":{"line":1,"column":0},"end":{"line":6,"column":-13}},"line":1}},"f":{"0":0}}
,"C:\\workspaces\\solo-router\\tailwind.config.js": {"path":"C:\\workspaces\\solo-router\\tailwind.config.js","all":true,"statementMap":{"0":{"start":{"line":1,"column":0},"end":{"line":1,"column":43}},"1":{"start":{"line":2,"column":0},"end":{"line":2,"column":16}},"2":{"start":{"line":3,"column":0},"end":{"line":3,"column":12}},"3":{"start":{"line":4,"column":0},"end":{"line":4,"column":19}},"4":{"start":{"line":5,"column":0},"end":{"line":5,"column":33}},"5":{"start":{"line":6,"column":0},"end":{"line":6,"column":4}},"6":{"start":{"line":7,"column":0},"end":{"line":7,"column":10}},"7":{"start":{"line":8,"column":0},"end":{"line":8,"column":15}},"8":{"start":{"line":9,"column":0},"end":{"line":9,"column":4}},"9":{"start":{"line":10,"column":0},"end":{"line":10,"column":12}},"10":{"start":{"line":11,"column":0},"end":{"line":11,"column":39}},"11":{"start":{"line":12,"column":0},"end":{"line":12,"column":4}},"12":{"start":{"line":13,"column":0},"end":{"line":13,"column":1}}},"s":{"0":0,"1":0,"2":0,"3":0,"4":0,"5":0,"6":0,"7":0,"8":0,"9":0,"10":0,"11":0,"12":0},"branchMap":{"0":{"type":"branch","line":1,"loc":{"start":{"line":1,"column":0},"end":{"line":13,"column":-11}},"locations":[{"start":{"line":1,"column":0},"end":{"line":13,"column":-11}}]}},"b":{"0":[0]},"fnMap":{"0":{"name":"(empty-report)","decl":{"start":{"line":1,"column":0},"end":{"line":13,"column":-11}},"loc":{"start":{"line":1,"column":0},"end":{"line":13,"column":-11}},"line":1}},"f":{"0":0}}
,"C:\\workspaces\\solo-router\\vite.config.ts": {"path":"C:\\workspaces\\solo-router\\vite.config.ts","all":true,"statementMap":{"0":{"start":{"line":1,"column":0},"end":{"line":1,"column":44}},"1":{"start":{"line":2,"column":0},"end":{"line":2,"column":40}},"2":{"start":{"line":3,"column":0},"end":{"line":3,"column":41}},"6":{"start":{"line":7,"column":0},"end":{"line":7,"column":29}},"7":{"start":{"line":8,"column":0},"end":{"line":8,"column":12}},"8":{"start":{"line":9,"column":0},"end":{"line":9,"column":12}},"9":{"start":{"line":10,"column":0},"end":{"line":10,"column":13}},"10":{"start":{"line":11,"column":0},"end":{"line":11,"column":33}},"11":{"start":{"line":12,"column":0},"end":{"line":12,"column":78}},"12":{"start":{"line":13,"column":0},"end":{"line":13,"column":17}},"13":{"start":{"line":14,"column":0},"end":{"line":14,"column":32}},"14":{"start":{"line":15,"column":0},"end":{"line":15,"column":33}},"15":{"start":{"line":16,"column":0},"end":{"line":16,"column":43}},"16":{"start":{"line":17,"column":0},"end":{"line":17,"column":31}},"17":{"start":{"line":18,"column":0},"end":{"line":18,"column":36}},"18":{"start":{"line":19,"column":0},"end":{"line":19,"column":30}},"19":{"start":{"line":20,"column":0},"end":{"line":20,"column":16}},"20":{"start":{"line":21,"column":0},"end":{"line":21,"column":11}},"21":{"start":{"line":22,"column":0},"end":{"line":22,"column":29}},"22":{"start":{"line":23,"column":0},"end":{"line":23,"column":29}},"23":{"start":{"line":24,"column":0},"end":{"line":24,"column":34}},"24":{"start":{"line":25,"column":0},"end":{"line":25,"column":35}},"25":{"start":{"line":26,"column":0},"end":{"line":26,"column":12}},"26":{"start":{"line":27,"column":0},"end":{"line":27,"column":11}},"27":{"start":{"line":28,"column":0},"end":{"line":28,"column":29}},"28":{"start":{"line":29,"column":0},"end":{"line":29,"column":29}},"29":{"start":{"line":30,"column":0},"end":{"line":30,"column":34}},"30":{"start":{"line":31,"column":0},"end":{"line":31,"column":35}},"31":{"start":{"line":32,"column":0},"end":{"line":32,"column":11}},"32":{"start":{"line":33,"column":0},"end":{"line":33,"column":9}},"33":{"start":{"line":34,"column":0},"end":{"line":34,"column":8}},"34":{"start":{"line":35,"column":0},"end":{"line":35,"column":16}},"36":{"start":{"line":37,"column":0},"end":{"line":37,"column":25}},"37":{"start":{"line":38,"column":0},"end":{"line":38,"column":11}},"38":{"start":{"line":39,"column":0},"end":{"line":39,"column":57}},"39":{"start":{"line":40,"column":0},"end":{"line":40,"column":36}},"40":{"start":{"line":41,"column":0},"end":{"line":41,"column":22}},"41":{"start":{"line":42,"column":0},"end":{"line":42,"column":48}},"42":{"start":{"line":43,"column":0},"end":{"line":43,"column":40}},"43":{"start":{"line":44,"column":0},"end":{"line":44,"column":34}},"44":{"start":{"line":45,"column":0},"end":{"line":45,"column":34}},"45":{"start":{"line":46,"column":0},"end":{"line":46,"column":15}},"46":{"start":{"line":47,"column":0},"end":{"line":47,"column":13}},"47":{"start":{"line":48,"column":0},"end":{"line":48,"column":11}},"48":{"start":{"line":49,"column":0},"end":{"line":49,"column":9}},"49":{"start":{"line":50,"column":0},"end":{"line":50,"column":7}},"50":{"start":{"line":51,"column":0},"end":{"line":51,"column":7}},"51":{"start":{"line":52,"column":0},"end":{"line":52,"column":4}},"52":{"start":{"line":53,"column":0},"end":{"line":53,"column":9}},"53":{"start":{"line":54,"column":0},"end":{"line":54,"column":18}},"54":{"start":{"line":55,"column":0},"end":{"line":55,"column":25}},"55":{"start":{"line":56,"column":0},"end":{"line":56,"column":38}},"56":{"start":{"line":57,"column":0},"end":{"line":57,"column":15}},"57":{"start":{"line":58,"column":0},"end":{"line":58,"column":21}},"58":{"start":{"line":59,"column":0},"end":{"line":59,"column":16}},"59":{"start":{"line":60,"column":0},"end":{"line":60,"column":26}},"60":{"start":{"line":61,"column":0},"end":{"line":61,"column":22}},"61":{"start":{"line":62,"column":0},"end":{"line":62,"column":23}},"62":{"start":{"line":63,"column":0},"end":{"line":63,"column":24}},"63":{"start":{"line":64,"column":0},"end":{"line":64,"column":26}},"64":{"start":{"line":65,"column":0},"end":{"line":65,"column":8}},"65":{"start":{"line":66,"column":0},"end":{"line":66,"column":19}},"66":{"start":{"line":67,"column":0},"end":{"line":67,"column":18}},"67":{"start":{"line":68,"column":0},"end":{"line":68,"column":22}},"68":{"start":{"line":69,"column":0},"end":{"line":69,"column":21}},"69":{"start":{"line":70,"column":0},"end":{"line":70,"column":23}},"70":{"start":{"line":71,"column":0},"end":{"line":71,"column":8}},"71":{"start":{"line":72,"column":0},"end":{"line":72,"column":6}},"72":{"start":{"line":73,"column":0},"end":{"line":73,"column":4}},"73":{"start":{"line":74,"column":0},"end":{"line":74,"column":2}}},"s":{"0":0,"1":0,"2":0,"6":0,"7":0,"8":0,"9":0,"10":0,"11":0,"12":0,"13":0,"14":0,"15":0,"16":0,"17":0,"18":0,"19":0,"20":0,"21":0,"22":0,"23":0,"24":0,"25":0,"26":0,"27":0,"28":0,"29":0,"30":0,"31":0,"32":0,"33":0,"34":0,"36":0,"37":0,"38":0,"39":0,"40":0,"41":0,"42":0,"43":0,"44":0,"45":0,"46":0,"47":0,"48":0,"49":0,"50":0,"51":0,"52":0,"53":0,"54":0,"55":0,"56":0,"57":0,"58":0,"59":0,"60":0,"61":0,"62":0,"63":0,"64":0,"65":0,"66":0,"67":0,"68":0,"69":0,"70":0,"71":0,"72":0,"73":0},"branchMap":{"0":{"type":"branch","line":1,"loc":{"start":{"line":1,"column":0},"end":{"line":74,"column":-74}},"locations":[{"start":{"line":1,"column":0},"end":{"line":74,"column":-74}}]}},"b":{"0":[0]},"fnMap":{"0":{"name":"(empty-report)","decl":{"start":{"line":1,"column":0},"end":{"line":74,"column":-74}},"loc":{"start":{"line":1,"column":0},"end":{"line":74,"column":-74}},"line":1}},"f":{"0":0}}
,"C:\\workspaces\\solo-router\\src\\App.tsx": {"path":"C:\\workspaces\\solo-router\\src\\App.tsx","all":true,"statementMap":{"0":{"start":{"line":1,"column":0},"end":{"line":1,"column":3}},"6":{"start":{"line":7,"column":0},"end":{"line":7,"column":68}},"7":{"start":{"line":8,"column":0},"end":{"line":8,"column":119}},"8":{"start":{"line":9,"column":0},"end":{"line":9,"column":49}},"9":{"start":{"line":10,"column":0},"end":{"line":10,"column":51}},"10":{"start":{"line":11,"column":0},"end":{"line":11,"column":59}},"11":{"start":{"line":12,"column":0},"end":{"line":12,"column":59}},"12":{"start":{"line":13,"column":0},"end":{"line":13,"column":61}},"13":{"start":{"line":14,"column":0},"end":{"line":14,"column":67}},"14":{"start":{"line":15,"column":0},"end":{"line":15,"column":55}},"15":{"start":{"line":16,"column":0},"end":{"line":16,"column":44}},"16":{"start":{"line":17,"column":0},"end":{"line":17,"column":68}},"30":{"start":{"line":31,"column":0},"end":{"line":31,"column":60}},"31":{"start":{"line":32,"column":0},"end":{"line":32,"column":8}},"32":{"start":{"line":33,"column":0},"end":{"line":33,"column":11}},"33":{"start":{"line":34,"column":0},"end":{"line":34,"column":11}},"34":{"start":{"line":35,"column":0},"end":{"line":35,"column":11}},"35":{"start":{"line":36,"column":0},"end":{"line":36,"column":11}},"36":{"start":{"line":37,"column":0},"end":{"line":37,"column":7}},"37":{"start":{"line":38,"column":0},"end":{"line":38,"column":52}},"38":{"start":{"line":39,"column":0},"end":{"line":39,"column":56}},"39":{"start":{"line":40,"column":0},"end":{"line":40,"column":50}},"42":{"start":{"line":43,"column":0},"end":{"line":43,"column":19}},"43":{"start":{"line":44,"column":0},"end":{"line":44,"column":40}},"44":{"start":{"line":45,"column":0},"end":{"line":45,"column":31}},"45":{"start":{"line":46,"column":0},"end":{"line":46,"column":32}},"46":{"start":{"line":47,"column":0},"end":{"line":47,"column":5}},"47":{"start":{"line":48,"column":0},"end":{"line":48,"column":18}},"49":{"start":{"line":50,"column":0},"end":{"line":50,"column":52}},"50":{"start":{"line":51,"column":0},"end":{"line":51,"column":24}},"51":{"start":{"line":52,"column":0},"end":{"line":52,"column":23}},"52":{"start":{"line":53,"column":0},"end":{"line":53,"column":26}},"53":{"start":{"line":54,"column":0},"end":{"line":54,"column":4}},"55":{"start":{"line":56,"column":0},"end":{"line":56,"column":32}},"56":{"start":{"line":57,"column":0},"end":{"line":57,"column":39}},"57":{"start":{"line":58,"column":0},"end":{"line":58,"column":39}},"58":{"start":{"line":59,"column":0},"end":{"line":59,"column":24}},"59":{"start":{"line":60,"column":0},"end":{"line":60,"column":5}},"60":{"start":{"line":61,"column":0},"end":{"line":61,"column":24}},"61":{"start":{"line":62,"column":0},"end":{"line":62,"column":4}},"63":{"start":{"line":64,"column":0},"end":{"line":64,"column":34}},"64":{"start":{"line":65,"column":0},"end":{"line":65,"column":24}},"65":{"start":{"line":66,"column":0},"end":{"line":66,"column":26}},"66":{"start":{"line":67,"column":0},"end":{"line":67,"column":4}},"68":{"start":{"line":69,"column":0},"end":{"line":69,"column":71}},"69":{"start":{"line":70,"column":0},"end":{"line":70,"column":28}},"70":{"start":{"line":71,"column":0},"end":{"line":71,"column":23}},"71":{"start":{"line":72,"column":0},"end":{"line":72,"column":36}},"72":{"start":{"line":73,"column":0},"end":{"line":73,"column":25}},"73":{"start":{"line":74,"column":0},"end":{"line":74,"column":5}},"74":{"start":{"line":75,"column":0},"end":{"line":75,"column":4}},"76":{"start":{"line":77,"column":0},"end":{"line":77,"column":18}},"77":{"start":{"line":78,"column":0},"end":{"line":78,"column":12}},"78":{"start":{"line":79,"column":0},"end":{"line":79,"column":10}},"79":{"start":{"line":80,"column":0},"end":{"line":80,"column":73}},"80":{"start":{"line":81,"column":0},"end":{"line":81,"column":18}},"81":{"start":{"line":82,"column":0},"end":{"line":82,"column":38}},"82":{"start":{"line":83,"column":0},"end":{"line":83,"column":77}},"83":{"start":{"line":84,"column":0},"end":{"line":84,"column":11}},"84":{"start":{"line":85,"column":0},"end":{"line":85,"column":44}},"86":{"start":{"line":87,"column":0},"end":{"line":87,"column":61}},"87":{"start":{"line":88,"column":0},"end":{"line":88,"column":14}},"88":{"start":{"line":89,"column":0},"end":{"line":89,"column":24}},"89":{"start":{"line":90,"column":0},"end":{"line":90,"column":21}},"90":{"start":{"line":91,"column":0},"end":{"line":91,"column":29}},"91":{"start":{"line":92,"column":0},"end":{"line":92,"column":58}},"92":{"start":{"line":93,"column":0},"end":{"line":93,"column":35}},"93":{"start":{"line":94,"column":0},"end":{"line":94,"column":33}},"94":{"start":{"line":95,"column":0},"end":{"line":95,"column":65}},"95":{"start":{"line":96,"column":0},"end":{"line":96,"column":20}},"96":{"start":{"line":97,"column":0},"end":{"line":97,"column":61}},"97":{"start":{"line":98,"column":0},"end":{"line":98,"column":76}},"98":{"start":{"line":99,"column":0},"end":{"line":99,"column":65}},"99":{"start":{"line":100,"column":0},"end":{"line":100,"column":10}},"100":{"start":{"line":101,"column":0},"end":{"line":101,"column":15}},"101":{"start":{"line":102,"column":0},"end":{"line":102,"column":27}},"102":{"start":{"line":103,"column":0},"end":{"line":103,"column":32}},"103":{"start":{"line":104,"column":0},"end":{"line":104,"column":29}},"104":{"start":{"line":105,"column":0},"end":{"line":105,"column":12}},"105":{"start":{"line":106,"column":0},"end":{"line":106,"column":36}},"106":{"start":{"line":107,"column":0},"end":{"line":107,"column":20}},"107":{"start":{"line":108,"column":0},"end":{"line":108,"column":35}},"108":{"start":{"line":109,"column":0},"end":{"line":109,"column":58}},"109":{"start":{"line":110,"column":0},"end":{"line":110,"column":13}},"110":{"start":{"line":111,"column":0},"end":{"line":111,"column":33}},"112":{"start":{"line":113,"column":0},"end":{"line":113,"column":29}},"113":{"start":{"line":114,"column":0},"end":{"line":114,"column":17}},"114":{"start":{"line":115,"column":0},"end":{"line":115,"column":15}},"115":{"start":{"line":116,"column":0},"end":{"line":116,"column":27}},"116":{"start":{"line":117,"column":0},"end":{"line":117,"column":32}},"117":{"start":{"line":118,"column":0},"end":{"line":118,"column":31}},"118":{"start":{"line":119,"column":0},"end":{"line":119,"column":12}},"119":{"start":{"line":120,"column":0},"end":{"line":120,"column":36}},"120":{"start":{"line":121,"column":0},"end":{"line":121,"column":20}},"121":{"start":{"line":122,"column":0},"end":{"line":122,"column":35}},"122":{"start":{"line":123,"column":0},"end":{"line":123,"column":58}},"123":{"start":{"line":124,"column":0},"end":{"line":124,"column":13}},"124":{"start":{"line":125,"column":0},"end":{"line":125,"column":34}},"126":{"start":{"line":127,"column":0},"end":{"line":127,"column":25}},"127":{"start":{"line":128,"column":0},"end":{"line":128,"column":17}},"128":{"start":{"line":129,"column":0},"end":{"line":129,"column":12}},"130":{"start":{"line":131,"column":0},"end":{"line":131,"column":3}},"132":{"start":{"line":133,"column":0},"end":{"line":133,"column":10}},"133":{"start":{"line":134,"column":0},"end":{"line":134,"column":8}},"134":{"start":{"line":135,"column":0},"end":{"line":135,"column":114}},"135":{"start":{"line":136,"column":0},"end":{"line":136,"column":16}},"136":{"start":{"line":137,"column":0},"end":{"line":137,"column":36}},"137":{"start":{"line":138,"column":0},"end":{"line":138,"column":87}},"138":{"start":{"line":139,"column":0},"end":{"line":139,"column":9}},"139":{"start":{"line":140,"column":0},"end":{"line":140,"column":24}},"141":{"start":{"line":142,"column":0},"end":{"line":142,"column":62}},"142":{"start":{"line":143,"column":0},"end":{"line":143,"column":61}},"143":{"start":{"line":144,"column":0},"end":{"line":144,"column":57}},"144":{"start":{"line":145,"column":0},"end":{"line":145,"column":12}},"145":{"start":{"line":146,"column":0},"end":{"line":146,"column":100}},"146":{"start":{"line":147,"column":0},"end":{"line":147,"column":15}},"147":{"start":{"line":148,"column":0},"end":{"line":148,"column":35}},"148":{"start":{"line":149,"column":0},"end":{"line":149,"column":36}},"149":{"start":{"line":150,"column":0},"end":{"line":150,"column":20}},"150":{"start":{"line":151,"column":0},"end":{"line":151,"column":35}},"151":{"start":{"line":152,"column":0},"end":{"line":152,"column":58}},"152":{"start":{"line":153,"column":0},"end":{"line":153,"column":13}},"153":{"start":{"line":154,"column":0},"end":{"line":154,"column":33}},"155":{"start":{"line":156,"column":0},"end":{"line":156,"column":30}},"156":{"start":{"line":157,"column":0},"end":{"line":157,"column":17}},"157":{"start":{"line":158,"column":0},"end":{"line":158,"column":15}},"158":{"start":{"line":159,"column":0},"end":{"line":159,"column":27}},"159":{"start":{"line":160,"column":0},"end":{"line":160,"column":32}},"160":{"start":{"line":161,"column":0},"end":{"line":161,"column":23}},"161":{"start":{"line":162,"column":0},"end":{"line":162,"column":12}},"162":{"start":{"line":163,"column":0},"end":{"line":163,"column":36}},"163":{"start":{"line":164,"column":0},"end":{"line":164,"column":20}},"164":{"start":{"line":165,"column":0},"end":{"line":165,"column":35}},"165":{"start":{"line":166,"column":0},"end":{"line":166,"column":58}},"166":{"start":{"line":167,"column":0},"end":{"line":167,"column":13}},"167":{"start":{"line":168,"column":0},"end":{"line":168,"column":42}},"169":{"start":{"line":170,"column":0},"end":{"line":170,"column":30}},"170":{"start":{"line":171,"column":0},"end":{"line":171,"column":17}},"171":{"start":{"line":172,"column":0},"end":{"line":172,"column":12}},"172":{"start":{"line":173,"column":0},"end":{"line":173,"column":10}},"174":{"start":{"line":175,"column":0},"end":{"line":175,"column":2}},"179":{"start":{"line":180,"column":0},"end":{"line":180,"column":16}},"180":{"start":{"line":181,"column":0},"end":{"line":181,"column":62}},"181":{"start":{"line":182,"column":0},"end":{"line":182,"column":59}},"182":{"start":{"line":183,"column":0},"end":{"line":183,"column":68}},"183":{"start":{"line":184,"column":0},"end":{"line":184,"column":53}},"184":{"start":{"line":185,"column":0},"end":{"line":185,"column":54}},"187":{"start":{"line":188,"column":0},"end":{"line":188,"column":62}},"192":{"start":{"line":193,"column":0},"end":{"line":193,"column":6}},"193":{"start":{"line":194,"column":0},"end":{"line":194,"column":18}},"194":{"start":{"line":195,"column":0},"end":{"line":195,"column":14}},"195":{"start":{"line":196,"column":0},"end":{"line":196,"column":16}},"196":{"start":{"line":197,"column":0},"end":{"line":197,"column":24}},"197":{"start":{"line":198,"column":0},"end":{"line":198,"column":5}},"200":{"start":{"line":201,"column":0},"end":{"line":201,"column":32}},"203":{"start":{"line":204,"column":0},"end":{"line":204,"column":13}},"206":{"start":{"line":207,"column":0},"end":{"line":207,"column":69}},"207":{"start":{"line":208,"column":0},"end":{"line":208,"column":83}},"208":{"start":{"line":209,"column":0},"end":{"line":209,"column":79}},"209":{"start":{"line":210,"column":0},"end":{"line":210,"column":85}},"210":{"start":{"line":211,"column":0},"end":{"line":211,"column":79}},"211":{"start":{"line":212,"column":0},"end":{"line":212,"column":79}},"212":{"start":{"line":213,"column":0},"end":{"line":213,"column":73}},"215":{"start":{"line":216,"column":0},"end":{"line":216,"column":47}},"216":{"start":{"line":217,"column":0},"end":{"line":217,"column":30}},"217":{"start":{"line":218,"column":0},"end":{"line":218,"column":27}},"218":{"start":{"line":219,"column":0},"end":{"line":219,"column":5}},"220":{"start":{"line":221,"column":0},"end":{"line":221,"column":50}},"221":{"start":{"line":222,"column":0},"end":{"line":222,"column":41}},"222":{"start":{"line":223,"column":0},"end":{"line":223,"column":52}},"223":{"start":{"line":224,"column":0},"end":{"line":224,"column":6}},"224":{"start":{"line":225,"column":0},"end":{"line":225,"column":35}},"229":{"start":{"line":230,"column":0},"end":{"line":230,"column":19}},"230":{"start":{"line":231,"column":0},"end":{"line":231,"column":22}},"233":{"start":{"line":234,"column":0},"end":{"line":234,"column":36}},"234":{"start":{"line":235,"column":0},"end":{"line":235,"column":25}},"235":{"start":{"line":236,"column":0},"end":{"line":236,"column":35}},"236":{"start":{"line":237,"column":0},"end":{"line":237,"column":7}},"237":{"start":{"line":238,"column":0},"end":{"line":238,"column":10}},"239":{"start":{"line":240,"column":0},"end":{"line":240,"column":37}},"240":{"start":{"line":241,"column":0},"end":{"line":241,"column":24}},"245":{"start":{"line":246,"column":0},"end":{"line":246,"column":39}},"247":{"start":{"line":248,"column":0},"end":{"line":248,"column":23}},"248":{"start":{"line":249,"column":0},"end":{"line":249,"column":30}},"249":{"start":{"line":250,"column":0},"end":{"line":250,"column":13}},"250":{"start":{"line":251,"column":0},"end":{"line":251,"column":5}},"252":{"start":{"line":253,"column":0},"end":{"line":253,"column":25}},"253":{"start":{"line":254,"column":0},"end":{"line":254,"column":4}},"258":{"start":{"line":259,"column":0},"end":{"line":259,"column":52}},"259":{"start":{"line":260,"column":0},"end":{"line":260,"column":26}},"260":{"start":{"line":261,"column":0},"end":{"line":261,"column":19}},"261":{"start":{"line":262,"column":0},"end":{"line":262,"column":35}},"262":{"start":{"line":263,"column":0},"end":{"line":263,"column":98}},"263":{"start":{"line":264,"column":0},"end":{"line":264,"column":24}},"264":{"start":{"line":265,"column":0},"end":{"line":265,"column":31}},"265":{"start":{"line":266,"column":0},"end":{"line":266,"column":70}},"266":{"start":{"line":267,"column":0},"end":{"line":267,"column":8}},"267":{"start":{"line":268,"column":0},"end":{"line":268,"column":7}},"268":{"start":{"line":269,"column":0},"end":{"line":269,"column":4}},"273":{"start":{"line":274,"column":0},"end":{"line":274,"column":34}},"274":{"start":{"line":275,"column":0},"end":{"line":275,"column":9}},"275":{"start":{"line":276,"column":0},"end":{"line":276,"column":19}},"276":{"start":{"line":277,"column":0},"end":{"line":277,"column":51}},"277":{"start":{"line":278,"column":0},"end":{"line":278,"column":19}},"278":{"start":{"line":279,"column":0},"end":{"line":279,"column":80}},"279":{"start":{"line":280,"column":0},"end":{"line":280,"column":5}},"280":{"start":{"line":281,"column":0},"end":{"line":281,"column":4}},"285":{"start":{"line":286,"column":0},"end":{"line":286,"column":34}},"286":{"start":{"line":287,"column":0},"end":{"line":287,"column":34}},"287":{"start":{"line":288,"column":0},"end":{"line":288,"column":4}},"292":{"start":{"line":293,"column":0},"end":{"line":293,"column":78}},"293":{"start":{"line":294,"column":0},"end":{"line":294,"column":37}},"294":{"start":{"line":295,"column":0},"end":{"line":295,"column":16}},"295":{"start":{"line":296,"column":0},"end":{"line":296,"column":13}},"296":{"start":{"line":297,"column":0},"end":{"line":297,"column":5}},"298":{"start":{"line":299,"column":0},"end":{"line":299,"column":9}},"299":{"start":{"line":300,"column":0},"end":{"line":300,"column":38}},"300":{"start":{"line":301,"column":0},"end":{"line":301,"column":53}},"301":{"start":{"line":302,"column":0},"end":{"line":302,"column":84}},"304":{"start":{"line":305,"column":0},"end":{"line":305,"column":24}},"305":{"start":{"line":306,"column":0},"end":{"line":306,"column":19}},"306":{"start":{"line":307,"column":0},"end":{"line":307,"column":80}},"307":{"start":{"line":308,"column":0},"end":{"line":308,"column":15}},"309":{"start":{"line":310,"column":0},"end":{"line":310,"column":33}},"310":{"start":{"line":311,"column":0},"end":{"line":311,"column":40}},"311":{"start":{"line":312,"column":0},"end":{"line":312,"column":7}},"312":{"start":{"line":313,"column":0},"end":{"line":313,"column":5}},"313":{"start":{"line":314,"column":0},"end":{"line":314,"column":4}},"315":{"start":{"line":316,"column":0},"end":{"line":316,"column":10}},"316":{"start":{"line":317,"column":0},"end":{"line":317,"column":63}},"318":{"start":{"line":319,"column":0},"end":{"line":319,"column":25}},"319":{"start":{"line":320,"column":0},"end":{"line":320,"column":12}},"320":{"start":{"line":321,"column":0},"end":{"line":321,"column":73}},"321":{"start":{"line":322,"column":0},"end":{"line":322,"column":49}},"322":{"start":{"line":323,"column":0},"end":{"line":323,"column":44}},"323":{"start":{"line":324,"column":0},"end":{"line":324,"column":10}},"327":{"start":{"line":328,"column":0},"end":{"line":328,"column":10}},"328":{"start":{"line":329,"column":0},"end":{"line":329,"column":22}},"329":{"start":{"line":330,"column":0},"end":{"line":330,"column":63}},"330":{"start":{"line":331,"column":0},"end":{"line":331,"column":220}},"332":{"start":{"line":333,"column":0},"end":{"line":333,"column":46}},"334":{"start":{"line":335,"column":0},"end":{"line":335,"column":77}},"335":{"start":{"line":336,"column":0},"end":{"line":336,"column":68}},"336":{"start":{"line":337,"column":0},"end":{"line":337,"column":81}},"338":{"start":{"line":339,"column":0},"end":{"line":339,"column":19}},"339":{"start":{"line":340,"column":0},"end":{"line":340,"column":21}},"340":{"start":{"line":341,"column":0},"end":{"line":341,"column":55}},"341":{"start":{"line":342,"column":0},"end":{"line":342,"column":115}},"342":{"start":{"line":343,"column":0},"end":{"line":343,"column":42}},"344":{"start":{"line":345,"column":0},"end":{"line":345,"column":31}},"345":{"start":{"line":346,"column":0},"end":{"line":346,"column":23}},"346":{"start":{"line":347,"column":0},"end":{"line":347,"column":18}},"347":{"start":{"line":348,"column":0},"end":{"line":348,"column":19}},"348":{"start":{"line":349,"column":0},"end":{"line":349,"column":45}},"349":{"start":{"line":350,"column":0},"end":{"line":350,"column":168}},"351":{"start":{"line":352,"column":0},"end":{"line":352,"column":32}},"353":{"start":{"line":354,"column":0},"end":{"line":354,"column":21}},"356":{"start":{"line":357,"column":0},"end":{"line":357,"column":38}},"357":{"start":{"line":358,"column":0},"end":{"line":358,"column":21}},"358":{"start":{"line":359,"column":0},"end":{"line":359,"column":25}},"359":{"start":{"line":360,"column":0},"end":{"line":360,"column":101}},"360":{"start":{"line":361,"column":0},"end":{"line":361,"column":16}},"361":{"start":{"line":362,"column":0},"end":{"line":362,"column":20}},"362":{"start":{"line":363,"column":0},"end":{"line":363,"column":27}},"363":{"start":{"line":364,"column":0},"end":{"line":364,"column":35}},"364":{"start":{"line":365,"column":0},"end":{"line":365,"column":64}},"365":{"start":{"line":366,"column":0},"end":{"line":366,"column":53}},"366":{"start":{"line":367,"column":0},"end":{"line":367,"column":295}},"367":{"start":{"line":368,"column":0},"end":{"line":368,"column":16}},"368":{"start":{"line":369,"column":0},"end":{"line":369,"column":18}},"369":{"start":{"line":370,"column":0},"end":{"line":370,"column":16}},"372":{"start":{"line":373,"column":0},"end":{"line":373,"column":33}},"373":{"start":{"line":374,"column":0},"end":{"line":374,"column":129}},"374":{"start":{"line":375,"column":0},"end":{"line":375,"column":79}},"376":{"start":{"line":377,"column":0},"end":{"line":377,"column":18}},"377":{"start":{"line":378,"column":0},"end":{"line":378,"column":21}},"378":{"start":{"line":379,"column":0},"end":{"line":379,"column":32}},"379":{"start":{"line":380,"column":0},"end":{"line":380,"column":42}},"380":{"start":{"line":381,"column":0},"end":{"line":381,"column":46}},"381":{"start":{"line":382,"column":0},"end":{"line":382,"column":18}},"382":{"start":{"line":383,"column":0},"end":{"line":383,"column":100}},"383":{"start":{"line":384,"column":0},"end":{"line":384,"column":15}},"385":{"start":{"line":386,"column":0},"end":{"line":386,"column":23}},"386":{"start":{"line":387,"column":0},"end":{"line":387,"column":18}},"390":{"start":{"line":391,"column":0},"end":{"line":391,"column":64}},"391":{"start":{"line":392,"column":0},"end":{"line":392,"column":43}},"392":{"start":{"line":393,"column":0},"end":{"line":393,"column":89}},"394":{"start":{"line":395,"column":0},"end":{"line":395,"column":20}},"395":{"start":{"line":396,"column":0},"end":{"line":396,"column":54}},"396":{"start":{"line":397,"column":0},"end":{"line":397,"column":89}},"397":{"start":{"line":398,"column":0},"end":{"line":398,"column":54}},"398":{"start":{"line":399,"column":0},"end":{"line":399,"column":20}},"400":{"start":{"line":401,"column":0},"end":{"line":401,"column":51}},"401":{"start":{"line":402,"column":0},"end":{"line":402,"column":33}},"402":{"start":{"line":403,"column":0},"end":{"line":403,"column":31}},"403":{"start":{"line":404,"column":0},"end":{"line":404,"column":30}},"404":{"start":{"line":405,"column":0},"end":{"line":405,"column":36}},"405":{"start":{"line":406,"column":0},"end":{"line":406,"column":61}},"406":{"start":{"line":407,"column":0},"end":{"line":407,"column":65}},"407":{"start":{"line":408,"column":0},"end":{"line":408,"column":68}},"408":{"start":{"line":409,"column":0},"end":{"line":409,"column":80}},"409":{"start":{"line":410,"column":0},"end":{"line":410,"column":18}},"410":{"start":{"line":411,"column":0},"end":{"line":411,"column":16}},"412":{"start":{"line":413,"column":0},"end":{"line":413,"column":16}},"415":{"start":{"line":416,"column":0},"end":{"line":416,"column":87}},"417":{"start":{"line":418,"column":0},"end":{"line":418,"column":53}},"418":{"start":{"line":419,"column":0},"end":{"line":419,"column":21}},"419":{"start":{"line":420,"column":0},"end":{"line":420,"column":55}},"420":{"start":{"line":421,"column":0},"end":{"line":421,"column":227}},"422":{"start":{"line":423,"column":0},"end":{"line":423,"column":38}},"424":{"start":{"line":425,"column":0},"end":{"line":425,"column":23}},"425":{"start":{"line":426,"column":0},"end":{"line":426,"column":29}},"426":{"start":{"line":427,"column":0},"end":{"line":427,"column":18}},"429":{"start":{"line":430,"column":0},"end":{"line":430,"column":53}},"430":{"start":{"line":431,"column":0},"end":{"line":431,"column":21}},"431":{"start":{"line":432,"column":0},"end":{"line":432,"column":42}},"432":{"start":{"line":433,"column":0},"end":{"line":433,"column":223}},"433":{"start":{"line":434,"column":0},"end":{"line":434,"column":49}},"435":{"start":{"line":436,"column":0},"end":{"line":436,"column":38}},"437":{"start":{"line":438,"column":0},"end":{"line":438,"column":23}},"438":{"start":{"line":439,"column":0},"end":{"line":439,"column":21}},"439":{"start":{"line":440,"column":0},"end":{"line":440,"column":42}},"440":{"start":{"line":441,"column":0},"end":{"line":441,"column":223}},"441":{"start":{"line":442,"column":0},"end":{"line":442,"column":49}},"443":{"start":{"line":444,"column":0},"end":{"line":444,"column":36}},"445":{"start":{"line":446,"column":0},"end":{"line":446,"column":23}},"446":{"start":{"line":447,"column":0},"end":{"line":447,"column":18}},"449":{"start":{"line":450,"column":0},"end":{"line":450,"column":18}},"450":{"start":{"line":451,"column":0},"end":{"line":451,"column":32}},"451":{"start":{"line":452,"column":0},"end":{"line":452,"column":25}},"452":{"start":{"line":453,"column":0},"end":{"line":453,"column":45}},"453":{"start":{"line":454,"column":0},"end":{"line":454,"column":41}},"454":{"start":{"line":455,"column":0},"end":{"line":455,"column":32}},"455":{"start":{"line":456,"column":0},"end":{"line":456,"column":44}},"456":{"start":{"line":457,"column":0},"end":{"line":457,"column":14}},"457":{"start":{"line":458,"column":0},"end":{"line":458,"column":16}},"458":{"start":{"line":459,"column":0},"end":{"line":459,"column":14}},"459":{"start":{"line":460,"column":0},"end":{"line":460,"column":12}},"462":{"start":{"line":463,"column":0},"end":{"line":463,"column":60}},"464":{"start":{"line":465,"column":0},"end":{"line":465,"column":141}},"465":{"start":{"line":466,"column":0},"end":{"line":466,"column":17}},"466":{"start":{"line":467,"column":0},"end":{"line":467,"column":50}},"467":{"start":{"line":468,"column":0},"end":{"line":468,"column":101}},"468":{"start":{"line":469,"column":0},"end":{"line":469,"column":37}},"470":{"start":{"line":471,"column":0},"end":{"line":471,"column":30}},"471":{"start":{"line":472,"column":0},"end":{"line":472,"column":19}},"472":{"start":{"line":473,"column":0},"end":{"line":473,"column":77}},"474":{"start":{"line":475,"column":0},"end":{"line":475,"column":15}},"475":{"start":{"line":476,"column":0},"end":{"line":476,"column":14}},"478":{"start":{"line":479,"column":0},"end":{"line":479,"column":48}},"479":{"start":{"line":480,"column":0},"end":{"line":480,"column":74}},"480":{"start":{"line":481,"column":0},"end":{"line":481,"column":14}},"481":{"start":{"line":482,"column":0},"end":{"line":482,"column":12}},"484":{"start":{"line":485,"column":0},"end":{"line":485,"column":20}},"485":{"start":{"line":486,"column":0},"end":{"line":486,"column":31}},"486":{"start":{"line":487,"column":0},"end":{"line":487,"column":48}},"487":{"start":{"line":488,"column":0},"end":{"line":488,"column":8}},"490":{"start":{"line":491,"column":0},"end":{"line":491,"column":24}},"491":{"start":{"line":492,"column":0},"end":{"line":492,"column":41}},"492":{"start":{"line":493,"column":0},"end":{"line":493,"column":39}},"493":{"start":{"line":494,"column":0},"end":{"line":494,"column":43}},"494":{"start":{"line":495,"column":0},"end":{"line":495,"column":47}},"495":{"start":{"line":496,"column":0},"end":{"line":496,"column":86}},"496":{"start":{"line":497,"column":0},"end":{"line":497,"column":26}},"497":{"start":{"line":498,"column":0},"end":{"line":498,"column":28}},"498":{"start":{"line":499,"column":0},"end":{"line":499,"column":27}},"499":{"start":{"line":500,"column":0},"end":{"line":500,"column":8}},"502":{"start":{"line":503,"column":0},"end":{"line":503,"column":24}},"503":{"start":{"line":504,"column":0},"end":{"line":504,"column":10}},"505":{"start":{"line":506,"column":0},"end":{"line":506,"column":1}},"507":{"start":{"line":508,"column":0},"end":{"line":508,"column":19}}},"s":{"0":0,"6":0,"7":0,"8":0,"9":0,"10":0,"11":0,"12":0,"13":0,"14":0,"15":0,"16":0,"30":0,"31":0,"32":0,"33":0,"34":0,"35":0,"36":0,"37":0,"38":0,"39":0,"42":0,"43":0,"44":0,"45":0,"46":0,"47":0,"49":0,"50":0,"51":0,"52":0,"53":0,"55":0,"56":0,"57":0,"58":0,"59":0,"60":0,"61":0,"63":0,"64":0,"65":0,"66":0,"68":0,"69":0,"70":0,"71":0,"72":0,"73":0,"74":0,"76":0,"77":0,"78":0,"79":0,"80":0,"81":0,"82":0,"83":0,"84":0,"86":0,"87":0,"88":0,"89":0,"90":0,"91":0,"92":0,"93":0,"94":0,"95":0,"96":0,"97":0,"98":0,"99":0,"100":0,"101":0,"102":0,"103":0,"104":0,"105":0,"106":0,"107":0,"108":0,"109":0,"110":0,"112":0,"113":0,"114":0,"115":0,"116":0,"117":0,"118":0,"119":0,"120":0,"121":0,"122":0,"123":0,"124":0,"126":0,"127":0,"128":0,"130":0,"132":0,"133":0,"134":0,"135":0,"136":0,"137":0,"138":0,"139":0,"141":0,"142":0,"143":0,"144":0,"145":0,"146":0,"147":0,"148":0,"149":0,"150":0,"151":0,"152":0,"153":0,"155":0,"156":0,"157":0,"158":0,"159":0,"160":0,"161":0,"162":0,"163":0,"164":0,"165":0,"166":0,"167":0,"169":0,"170":0,"171":0,"172":0,"174":0,"179":0,"180":0,"181":0,"182":0,"183":0,"184":0,"187":0,"192":0,"193":0,"194":0,"195":0,"196":0,"197":0,"200":0,"203":0,"206":0,"207":0,"208":0,"209":0,"210":0,"211":0,"212":0,"215":0,"216":0,"217":0,"218":0,"220":0,"221":0,"222":0,"223":0,"224":0,"229":0,"230":0,"233":0,"234":0,"235":0,"236":0,"237":0,"239":0,"240":0,"245":0,"247":0,"248":0,"249":0,"250":0,"252":0,"253":0,"258":0,"259":0,"260":0,"261":0,"262":0,"263":0,"264":0,"265":0,"266":0,"267":0,"268":0,"273":0,"274":0,"275":0,"276":0,"277":0,"278":0,"279":0,"280":0,"285":0,"286":0,"287":0,"292":0,"293":0,"294":0,"295":0,"296":0,"298":0,"299":0,"300":0,"301":0,"304":0,"305":0,"306":0,"307":0,"309":0,"310":0,"311":0,"312":0,"313":0,"315":0,"316":0,"318":0,"319":0,"320":0,"321":0,"322":0,"323":0,"327":0,"328":0,"329":0,"330":0,"332":0,"334":0,"335":0,"336":0,"338":0,"339":0,"340":0,"341":0,"342":0,"344":0,"345":0,"346":0,"347":0,"348":0,"349":0,"351":0,"353":0,"356":0,"357":0,"358":0,"359":0,"360":0,"361":0,"362":0,"363":0,"364":0,"365":0,"366":0,"367":0,"368":0,"369":0,"372":0,"373":0,"374":0,"376":0,"377":0,"378":0,"379":0,"380":0,"381":0,"382":0,"383":0,"385":0,"386":0,"390":0,"391":0,"392":0,"394":0,"395":0,"396":0,"397":0,"398":0,"400":0,"401":0,"402":0,"403":0,"404":0,"405":0,"406":0,"407":0,"408":0,"409":0,"410":0,"412":0,"415":0,"417":0,"418":0,"419":0,"420":0,"422":0,"424":0,"425":0,"426":0,"429":0,"430":0,"431":0,"432":0,"433":0,"435":0,"437":0,"438":0,"439":0,"440":0,"441":0,"443":0,"445":0,"446":0,"449":0,"450":0,"451":0,"452":0,"453":0,"454":0,"455":0,"456":0,"457":0,"458":0,"459":0,"462":0,"464":0,"465":0,"466":0,"467":0,"468":0,"470":0,"471":0,"472":0,"474":0,"475":0,"478":0,"479":0,"480":0,"481":0,"484":0,"485":0,"486":0,"487":0,"490":0,"491":0,"492":0,"493":0,"494":0,"495":0,"496":0,"497":0,"498":0,"499":0,"502":0,"503":0,"505":0,"507":0},"branchMap":{"0":{"type":"branch","line":1,"loc":{"start":{"line":1,"column":0},"end":{"line":508,"column":-5995}},"locations":[{"start":{"line":1,"column":0},"end":{"line":508,"column":-5995}}]}},"b":{"0":[0]},"fnMap":{"0":{"name":"(empty-report)","decl":{"start":{"line":1,"column":0},"end":{"line":508,"column":-5995}},"loc":{"start":{"line":1,"column":0},"end":{"line":508,"column":-5995}},"line":1}},"f":{"0":0}}
,"C:\\workspaces\\solo-router\\src\\main.tsx": {"path":"C:\\workspaces\\solo-router\\src\\main.tsx","all":true,"statementMap":{"0":{"start":{"line":1,"column":0},"end":{"line":1,"column":34}},"1":{"start":{"line":2,"column":0},"end":{"line":2,"column":45}},"2":{"start":{"line":3,"column":0},"end":{"line":3,"column":52}},"3":{"start":{"line":4,"column":0},"end":{"line":4,"column":20}},"4":{"start":{"line":5,"column":0},"end":{"line":5,"column":27}},"5":{"start":{"line":6,"column":0},"end":{"line":6,"column":58}},"7":{"start":{"line":8,"column":0},"end":{"line":8,"column":52}},"8":{"start":{"line":9,"column":0},"end":{"line":9,"column":14}},"9":{"start":{"line":10,"column":0},"end":{"line":10,"column":53}},"10":{"start":{"line":11,"column":0},"end":{"line":11,"column":13}},"11":{"start":{"line":12,"column":0},"end":{"line":12,"column":20}},"12":{"start":{"line":13,"column":0},"end":{"line":13,"column":16}},"13":{"start":{"line":14,"column":0},"end":{"line":14,"column":1}}},"s":{"0":0,"1":0,"2":0,"3":0,"4":0,"5":0,"7":0,"8":0,"9":0,"10":0,"11":0,"12":0,"13":0},"branchMap":{"0":{"type":"branch","line":1,"loc":{"start":{"line":1,"column":431},"end":{"line":14,"column":1}},"locations":[{"start":{"line":1,"column":431},"end":{"line":14,"column":1}}]}},"b":{"0":[0]},"fnMap":{"0":{"name":"(empty-report)","decl":{"start":{"line":1,"column":431},"end":{"line":14,"column":1}},"loc":{"start":{"line":1,"column":431},"end":{"line":14,"column":1}},"line":1}},"f":{"0":0}}
,"C:\\workspaces\\solo-router\\src\\components\\ChatInterface.tsx": {"path":"C:\\workspaces\\solo-router\\src\\components\\ChatInterface.tsx","all":false,"statementMap":{"0":{"start":{"line":1,"column":0},"end":{"line":1,"column":3}},"22":{"start":{"line":23,"column":0},"end":{"line":23,"column":84}},"23":{"start":{"line":24,"column":0},"end":{"line":24,"column":41}},"24":{"start":{"line":25,"column":0},"end":{"line":25,"column":86}},"25":{"start":{"line":26,"column":0},"end":{"line":26,"column":70}},"26":{"start":{"line":27,"column":0},"end":{"line":27,"column":53}},"29":{"start":{"line":30,"column":0},"end":{"line":30,"column":84}},"30":{"start":{"line":31,"column":0},"end":{"line":31,"column":67}},"31":{"start":{"line":32,"column":0},"end":{"line":32,"column":65}},"32":{"start":{"line":33,"column":0},"end":{"line":33,"column":71}},"33":{"start":{"line":34,"column":0},"end":{"line":34,"column":69}},"34":{"start":{"line":35,"column":0},"end":{"line":35,"column":91}},"35":{"start":{"line":36,"column":0},"end":{"line":36,"column":53}},"36":{"start":{"line":37,"column":0},"end":{"line":37,"column":63}},"37":{"start":{"line":38,"column":0},"end":{"line":38,"column":73}},"38":{"start":{"line":39,"column":0},"end":{"line":39,"column":61}},"43":{"start":{"line":44,"column":0},"end":{"line":44,"column":19}},"44":{"start":{"line":45,"column":0},"end":{"line":45,"column":30}},"45":{"start":{"line":46,"column":0},"end":{"line":46,"column":31}},"50":{"start":{"line":51,"column":0},"end":{"line":51,"column":19}},"51":{"start":{"line":52,"column":0},"end":{"line":52,"column":29}},"53":{"start":{"line":54,"column":0},"end":{"line":54,"column":42}},"54":{"start":{"line":55,"column":0},"end":{"line":55,"column":36}},"55":{"start":{"line":56,"column":0},"end":{"line":56,"column":12}},"57":{"start":{"line":58,"column":0},"end":{"line":58,"column":42}},"58":{"start":{"line":59,"column":0},"end":{"line":59,"column":37}},"59":{"start":{"line":60,"column":0},"end":{"line":60,"column":15}},"60":{"start":{"line":61,"column":0},"end":{"line":61,"column":20}},"61":{"start":{"line":62,"column":0},"end":{"line":62,"column":32}},"62":{"start":{"line":63,"column":0},"end":{"line":63,"column":32}},"63":{"start":{"line":64,"column":0},"end":{"line":64,"column":8}},"64":{"start":{"line":65,"column":0},"end":{"line":65,"column":5}},"65":{"start":{"line":66,"column":0},"end":{"line":66,"column":18}},"70":{"start":{"line":71,"column":0},"end":{"line":71,"column":34}},"71":{"start":{"line":72,"column":0},"end":{"line":72,"column":40}},"72":{"start":{"line":73,"column":0},"end":{"line":73,"column":13}},"73":{"start":{"line":74,"column":0},"end":{"line":74,"column":5}},"75":{"start":{"line":76,"column":0},"end":{"line":76,"column":33}},"76":{"start":{"line":77,"column":0},"end":{"line":77,"column":17}},"79":{"start":{"line":80,"column":0},"end":{"line":80,"column":31}},"82":{"start":{"line":83,"column":0},"end":{"line":83,"column":30}},"83":{"start":{"line":84,"column":0},"end":{"line":84,"column":4}},"88":{"start":{"line":89,"column":0},"end":{"line":89,"column":28}},"89":{"start":{"line":90,"column":0},"end":{"line":90,"column":21}},"90":{"start":{"line":91,"column":0},"end":{"line":91,"column":4}},"95":{"start":{"line":96,"column":0},"end":{"line":96,"column":40}},"96":{"start":{"line":97,"column":0},"end":{"line":97,"column":46}},"97":{"start":{"line":98,"column":0},"end":{"line":98,"column":13}},"98":{"start":{"line":99,"column":0},"end":{"line":99,"column":5}},"100":{"start":{"line":101,"column":0},"end":{"line":101,"column":49}},"103":{"start":{"line":104,"column":0},"end":{"line":104,"column":32}},"104":{"start":{"line":105,"column":0},"end":{"line":105,"column":52}},"105":{"start":{"line":106,"column":0},"end":{"line":106,"column":45}},"106":{"start":{"line":107,"column":0},"end":{"line":107,"column":31}},"107":{"start":{"line":108,"column":0},"end":{"line":108,"column":14}},"108":{"start":{"line":109,"column":0},"end":{"line":109,"column":7}},"109":{"start":{"line":110,"column":0},"end":{"line":110,"column":5}},"111":{"start":{"line":112,"column":0},"end":{"line":112,"column":36}},"112":{"start":{"line":113,"column":0},"end":{"line":113,"column":13}},"113":{"start":{"line":114,"column":0},"end":{"line":114,"column":5}},"116":{"start":{"line":117,"column":0},"end":{"line":117,"column":29}},"117":{"start":{"line":118,"column":0},"end":{"line":118,"column":55}},"118":{"start":{"line":119,"column":0},"end":{"line":119,"column":40}},"119":{"start":{"line":120,"column":0},"end":{"line":120,"column":46}},"120":{"start":{"line":121,"column":0},"end":{"line":121,"column":14}},"121":{"start":{"line":122,"column":0},"end":{"line":122,"column":7}},"122":{"start":{"line":123,"column":0},"end":{"line":123,"column":5}},"124":{"start":{"line":125,"column":0},"end":{"line":125,"column":27}},"125":{"start":{"line":126,"column":0},"end":{"line":126,"column":13}},"126":{"start":{"line":127,"column":0},"end":{"line":127,"column":5}},"129":{"start":{"line":130,"column":0},"end":{"line":130,"column":74}},"132":{"start":{"line":133,"column":0},"end":{"line":133,"column":39}},"133":{"start":{"line":134,"column":0},"end":{"line":134,"column":4}},"138":{"start":{"line":139,"column":0},"end":{"line":139,"column":78}},"139":{"start":{"line":140,"column":0},"end":{"line":140,"column":46}},"140":{"start":{"line":141,"column":0},"end":{"line":141,"column":13}},"141":{"start":{"line":142,"column":0},"end":{"line":142,"column":5}},"143":{"start":{"line":144,"column":0},"end":{"line":144,"column":81}},"144":{"start":{"line":145,"column":0},"end":{"line":145,"column":4}},"152":{"start":{"line":153,"column":0},"end":{"line":153,"column":74}},"154":{"start":{"line":155,"column":0},"end":{"line":155,"column":56}},"155":{"start":{"line":156,"column":0},"end":{"line":156,"column":25}},"156":{"start":{"line":157,"column":0},"end":{"line":157,"column":19}},"157":{"start":{"line":158,"column":0},"end":{"line":158,"column":13}},"158":{"start":{"line":159,"column":0},"end":{"line":159,"column":5}},"161":{"start":{"line":162,"column":0},"end":{"line":162,"column":43}},"162":{"start":{"line":163,"column":0},"end":{"line":163,"column":25}},"163":{"start":{"line":164,"column":0},"end":{"line":164,"column":19}},"164":{"start":{"line":165,"column":0},"end":{"line":165,"column":13}},"165":{"start":{"line":166,"column":0},"end":{"line":166,"column":5}},"168":{"start":{"line":169,"column":0},"end":{"line":169,"column":4}},"173":{"start":{"line":174,"column":0},"end":{"line":174,"column":70}},"174":{"start":{"line":175,"column":0},"end":{"line":175,"column":29}},"177":{"start":{"line":178,"column":0},"end":{"line":178,"column":35}},"178":{"start":{"line":179,"column":0},"end":{"line":179,"column":72}},"179":{"start":{"line":180,"column":0},"end":{"line":180,"column":4}},"182":{"start":{"line":183,"column":0},"end":{"line":183,"column":28}},"183":{"start":{"line":184,"column":0},"end":{"line":184,"column":12}},"184":{"start":{"line":185,"column":0},"end":{"line":185,"column":124}},"185":{"start":{"line":186,"column":0},"end":{"line":186,"column":37}},"186":{"start":{"line":187,"column":0},"end":{"line":187,"column":49}},"187":{"start":{"line":188,"column":0},"end":{"line":188,"column":79}},"188":{"start":{"line":189,"column":0},"end":{"line":189,"column":82}},"189":{"start":{"line":190,"column":0},"end":{"line":190,"column":14}},"190":{"start":{"line":191,"column":0},"end":{"line":191,"column":12}},"192":{"start":{"line":193,"column":0},"end":{"line":193,"column":3}},"194":{"start":{"line":195,"column":0},"end":{"line":195,"column":47}},"196":{"start":{"line":197,"column":0},"end":{"line":197,"column":10}},"197":{"start":{"line":198,"column":0},"end":{"line":198,"column":68}},"199":{"start":{"line":200,"column":0},"end":{"line":200,"column":113}},"200":{"start":{"line":201,"column":0},"end":{"line":201,"column":40}},"201":{"start":{"line":202,"column":0},"end":{"line":202,"column":81}},"202":{"start":{"line":203,"column":0},"end":{"line":203,"column":38}},"203":{"start":{"line":204,"column":0},"end":{"line":204,"column":15}},"204":{"start":{"line":205,"column":0},"end":{"line":205,"column":51}},"205":{"start":{"line":206,"column":0},"end":{"line":206,"column":68}},"206":{"start":{"line":207,"column":0},"end":{"line":207,"column":40}},"207":{"start":{"line":208,"column":0},"end":{"line":208,"column":16}},"209":{"start":{"line":210,"column":0},"end":{"line":210,"column":36}},"210":{"start":{"line":211,"column":0},"end":{"line":211,"column":112}},"211":{"start":{"line":212,"column":0},"end":{"line":212,"column":89}},"212":{"start":{"line":213,"column":0},"end":{"line":213,"column":34}},"213":{"start":{"line":214,"column":0},"end":{"line":214,"column":20}},"215":{"start":{"line":216,"column":0},"end":{"line":216,"column":16}},"216":{"start":{"line":217,"column":0},"end":{"line":217,"column":14}},"217":{"start":{"line":218,"column":0},"end":{"line":218,"column":15}},"218":{"start":{"line":219,"column":0},"end":{"line":219,"column":61}},"219":{"start":{"line":220,"column":0},"end":{"line":220,"column":166}},"220":{"start":{"line":221,"column":0},"end":{"line":221,"column":49}},"222":{"start":{"line":223,"column":0},"end":{"line":223,"column":41}},"223":{"start":{"line":224,"column":0},"end":{"line":224,"column":61}},"224":{"start":{"line":225,"column":0},"end":{"line":225,"column":17}},"225":{"start":{"line":226,"column":0},"end":{"line":226,"column":12}},"228":{"start":{"line":229,"column":0},"end":{"line":229,"column":17}},"229":{"start":{"line":230,"column":0},"end":{"line":230,"column":144}},"230":{"start":{"line":231,"column":0},"end":{"line":231,"column":99}},"231":{"start":{"line":232,"column":0},"end":{"line":232,"column":42}},"232":{"start":{"line":233,"column":0},"end":{"line":233,"column":83}},"234":{"start":{"line":235,"column":0},"end":{"line":235,"column":16}},"235":{"start":{"line":236,"column":0},"end":{"line":236,"column":66}},"236":{"start":{"line":237,"column":0},"end":{"line":237,"column":21}},"237":{"start":{"line":238,"column":0},"end":{"line":238,"column":16}},"239":{"start":{"line":240,"column":0},"end":{"line":240,"column":120}},"240":{"start":{"line":241,"column":0},"end":{"line":241,"column":21}},"241":{"start":{"line":242,"column":0},"end":{"line":242,"column":40}},"242":{"start":{"line":243,"column":0},"end":{"line":243,"column":160}},"244":{"start":{"line":245,"column":0},"end":{"line":245,"column":38}},"246":{"start":{"line":247,"column":0},"end":{"line":247,"column":23}},"248":{"start":{"line":249,"column":0},"end":{"line":249,"column":16}},"249":{"start":{"line":250,"column":0},"end":{"line":250,"column":17}},"250":{"start":{"line":251,"column":0},"end":{"line":251,"column":32}},"251":{"start":{"line":252,"column":0},"end":{"line":252,"column":111}},"252":{"start":{"line":253,"column":0},"end":{"line":253,"column":38}},"254":{"start":{"line":255,"column":0},"end":{"line":255,"column":27}},"255":{"start":{"line":256,"column":0},"end":{"line":256,"column":19}},"256":{"start":{"line":257,"column":0},"end":{"line":257,"column":14}},"260":{"start":{"line":261,"column":0},"end":{"line":261,"column":18}},"261":{"start":{"line":262,"column":0},"end":{"line":262,"column":27}},"262":{"start":{"line":263,"column":0},"end":{"line":263,"column":41}},"263":{"start":{"line":264,"column":0},"end":{"line":264,"column":35}},"264":{"start":{"line":265,"column":0},"end":{"line":265,"column":39}},"265":{"start":{"line":266,"column":0},"end":{"line":266,"column":41}},"266":{"start":{"line":267,"column":0},"end":{"line":267,"column":35}},"267":{"start":{"line":268,"column":0},"end":{"line":268,"column":8}},"270":{"start":{"line":271,"column":0},"end":{"line":271,"column":123}},"271":{"start":{"line":272,"column":0},"end":{"line":272,"column":55}},"272":{"start":{"line":273,"column":0},"end":{"line":273,"column":19}},"273":{"start":{"line":274,"column":0},"end":{"line":274,"column":26}},"274":{"start":{"line":275,"column":0},"end":{"line":275,"column":25}},"275":{"start":{"line":276,"column":0},"end":{"line":276,"column":34}},"276":{"start":{"line":277,"column":0},"end":{"line":277,"column":37}},"277":{"start":{"line":278,"column":0},"end":{"line":278,"column":70}},"278":{"start":{"line":279,"column":0},"end":{"line":279,"column":35}},"279":{"start":{"line":280,"column":0},"end":{"line":280,"column":20}},"280":{"start":{"line":281,"column":0},"end":{"line":281,"column":391}},"281":{"start":{"line":282,"column":0},"end":{"line":282,"column":61}},"282":{"start":{"line":283,"column":0},"end":{"line":283,"column":12}},"285":{"start":{"line":286,"column":0},"end":{"line":286,"column":27}},"286":{"start":{"line":287,"column":0},"end":{"line":287,"column":19}},"287":{"start":{"line":288,"column":0},"end":{"line":288,"column":34}},"288":{"start":{"line":289,"column":0},"end":{"line":289,"column":199}},"289":{"start":{"line":290,"column":0},"end":{"line":290,"column":42}},"291":{"start":{"line":292,"column":0},"end":{"line":292,"column":64}},"292":{"start":{"line":293,"column":0},"end":{"line":293,"column":60}},"293":{"start":{"line":294,"column":0},"end":{"line":294,"column":21}},"295":{"start":{"line":296,"column":0},"end":{"line":296,"column":19}},"296":{"start":{"line":297,"column":0},"end":{"line":297,"column":34}},"297":{"start":{"line":298,"column":0},"end":{"line":298,"column":38}},"298":{"start":{"line":299,"column":0},"end":{"line":299,"column":250}},"299":{"start":{"line":300,"column":0},"end":{"line":300,"column":39}},"301":{"start":{"line":302,"column":0},"end":{"line":302,"column":58}},"302":{"start":{"line":303,"column":0},"end":{"line":303,"column":60}},"303":{"start":{"line":304,"column":0},"end":{"line":304,"column":21}},"305":{"start":{"line":306,"column":0},"end":{"line":306,"column":14}},"308":{"start":{"line":309,"column":0},"end":{"line":309,"column":85}},"310":{"start":{"line":311,"column":0},"end":{"line":311,"column":12}},"311":{"start":{"line":312,"column":0},"end":{"line":312,"column":12}},"314":{"start":{"line":315,"column":0},"end":{"line":315,"column":32}},"315":{"start":{"line":316,"column":0},"end":{"line":316,"column":43}},"316":{"start":{"line":317,"column":0},"end":{"line":317,"column":60}},"317":{"start":{"line":318,"column":0},"end":{"line":318,"column":41}},"318":{"start":{"line":319,"column":0},"end":{"line":319,"column":8}},"319":{"start":{"line":320,"column":0},"end":{"line":320,"column":10}},"321":{"start":{"line":322,"column":0},"end":{"line":322,"column":2}}},"s":{"0":1,"22":1,"23":63,"24":63,"25":63,"26":63,"29":63,"30":63,"31":63,"32":63,"33":63,"34":63,"35":63,"36":63,"37":63,"38":63,"43":63,"44":11,"45":63,"50":63,"51":11,"53":0,"54":0,"55":0,"57":0,"58":0,"59":0,"60":0,"61":0,"62":0,"63":0,"64":0,"65":63,"70":63,"71":3,"72":0,"73":0,"75":3,"76":3,"79":3,"82":3,"83":3,"88":63,"89":1,"90":1,"95":63,"96":0,"97":0,"98":0,"100":0,"103":0,"104":0,"105":0,"106":0,"107":0,"108":0,"109":0,"111":0,"112":0,"113":0,"116":0,"117":0,"118":0,"119":0,"120":0,"121":0,"122":0,"124":0,"125":0,"126":0,"129":0,"132":0,"133":0,"138":63,"139":0,"140":0,"141":0,"143":0,"144":0,"152":63,"154":50,"155":0,"156":0,"157":0,"158":0,"161":50,"162":1,"163":1,"164":1,"165":1,"168":50,"173":63,"174":49,"177":49,"178":49,"179":49,"182":63,"183":0,"184":0,"185":0,"186":0,"187":0,"188":0,"189":0,"190":0,"192":0,"194":63,"196":63,"197":63,"199":63,"200":63,"201":63,"202":63,"203":63,"204":63,"205":63,"206":63,"207":63,"209":63,"210":0,"211":0,"212":0,"213":0,"215":63,"216":63,"217":63,"218":63,"219":63,"220":63,"222":63,"223":63,"224":63,"225":63,"228":63,"229":0,"230":0,"231":0,"232":0,"234":0,"235":0,"236":0,"237":0,"239":0,"240":0,"241":0,"242":0,"244":0,"246":0,"248":0,"249":0,"250":0,"251":0,"252":0,"254":0,"255":0,"256":0,"260":63,"261":63,"262":63,"263":63,"264":63,"265":63,"266":63,"267":63,"270":63,"271":63,"272":63,"273":63,"274":63,"275":63,"276":63,"277":63,"278":63,"279":63,"280":63,"281":63,"282":63,"285":63,"286":2,"287":2,"288":2,"289":2,"291":2,"292":2,"293":2,"295":61,"296":61,"297":61,"298":61,"299":61,"301":61,"302":61,"303":61,"305":63,"308":63,"310":63,"311":63,"314":63,"315":63,"316":63,"317":63,"318":63,"319":63,"321":63},"branchMap":{"0":{"type":"branch","line":23,"loc":{"start":{"line":23,"column":59},"end":{"line":322,"column":2}},"locations":[{"start":{"line":23,"column":59},"end":{"line":322,"column":2}}]},"1":{"type":"branch","line":183,"loc":{"start":{"line":183,"column":27},"end":{"line":193,"column":3}},"locations":[{"start":{"line":183,"column":27},"end":{"line":193,"column":3}}]},"2":{"type":"branch","line":210,"loc":{"start":{"line":210,"column":13},"end":{"line":214,"column":20}},"locations":[{"start":{"line":210,"column":13},"end":{"line":214,"column":20}}]},"3":{"type":"branch","line":229,"loc":{"start":{"line":229,"column":7},"end":{"line":257,"column":14}},"locations":[{"start":{"line":229,"column":7},"end":{"line":257,"column":14}}]},"4":{"type":"branch","line":286,"loc":{"start":{"line":286,"column":11},"end":{"line":294,"column":21}},"locations":[{"start":{"line":286,"column":11},"end":{"line":294,"column":21}}]},"5":{"type":"branch","line":294,"loc":{"start":{"line":294,"column":12},"end":{"line":304,"column":21}},"locations":[{"start":{"line":294,"column":12},"end":{"line":304,"column":21}}]},"6":{"type":"branch","line":30,"loc":{"start":{"line":30,"column":42},"end":{"line":30,"column":82}},"locations":[{"start":{"line":30,"column":42},"end":{"line":30,"column":82}}]},"7":{"type":"branch","line":31,"loc":{"start":{"line":31,"column":36},"end":{"line":31,"column":65}},"locations":[{"start":{"line":31,"column":36},"end":{"line":31,"column":65}}]},"8":{"type":"branch","line":32,"loc":{"start":{"line":32,"column":35},"end":{"line":32,"column":63}},"locations":[{"start":{"line":32,"column":35},"end":{"line":32,"column":63}}]},"9":{"type":"branch","line":33,"loc":{"start":{"line":33,"column":38},"end":{"line":33,"column":69}},"locations":[{"start":{"line":33,"column":38},"end":{"line":33,"column":69}}]},"10":{"type":"branch","line":34,"loc":{"start":{"line":34,"column":37},"end":{"line":34,"column":67}},"locations":[{"start":{"line":34,"column":37},"end":{"line":34,"column":67}}]},"11":{"type":"branch","line":35,"loc":{"start":{"line":35,"column":48},"end":{"line":35,"column":89}},"locations":[{"start":{"line":35,"column":48},"end":{"line":35,"column":89}}]},"12":{"type":"branch","line":36,"loc":{"start":{"line":36,"column":29},"end":{"line":36,"column":51}},"locations":[{"start":{"line":36,"column":29},"end":{"line":36,"column":51}}]},"13":{"type":"branch","line":37,"loc":{"start":{"line":37,"column":34},"end":{"line":37,"column":61}},"locations":[{"start":{"line":37,"column":34},"end":{"line":37,"column":61}}]},"14":{"type":"branch","line":38,"loc":{"start":{"line":38,"column":39},"end":{"line":38,"column":71}},"locations":[{"start":{"line":38,"column":39},"end":{"line":38,"column":71}}]},"15":{"type":"branch","line":39,"loc":{"start":{"line":39,"column":33},"end":{"line":39,"column":59}},"locations":[{"start":{"line":39,"column":33},"end":{"line":39,"column":59}}]},"16":{"type":"branch","line":44,"loc":{"start":{"line":44,"column":12},"end":{"line":46,"column":5}},"locations":[{"start":{"line":44,"column":12},"end":{"line":46,"column":5}}]},"17":{"type":"branch","line":51,"loc":{"start":{"line":51,"column":12},"end":{"line":66,"column":5}},"locations":[{"start":{"line":51,"column":12},"end":{"line":66,"column":5}}]},"18":{"type":"branch","line":52,"loc":{"start":{"line":52,"column":28},"end":{"line":65,"column":5}},"locations":[{"start":{"line":52,"column":28},"end":{"line":65,"column":5}}]},"19":{"type":"branch","line":71,"loc":{"start":{"line":71,"column":21},"end":{"line":84,"column":4}},"locations":[{"start":{"line":71,"column":21},"end":{"line":84,"column":4}}]},"20":{"type":"branch","line":72,"loc":{"start":{"line":72,"column":39},"end":{"line":74,"column":5}},"locations":[{"start":{"line":72,"column":39},"end":{"line":74,"column":5}}]},"21":{"type":"branch","line":89,"loc":{"start":{"line":89,"column":21},"end":{"line":91,"column":4}},"locations":[{"start":{"line":89,"column":21},"end":{"line":91,"column":4}}]},"22":{"type":"branch","line":153,"loc":{"start":{"line":153,"column":24},"end":{"line":169,"column":4}},"locations":[{"start":{"line":153,"column":24},"end":{"line":169,"column":4}}]},"23":{"type":"branch","line":155,"loc":{"start":{"line":155,"column":18},"end":{"line":155,"column":55}},"locations":[{"start":{"line":155,"column":18},"end":{"line":155,"column":55}}]},"24":{"type":"branch","line":155,"loc":{"start":{"line":155,"column":55},"end":{"line":159,"column":5}},"locations":[{"start":{"line":155,"column":55},"end":{"line":159,"column":5}}]},"25":{"type":"branch","line":162,"loc":{"start":{"line":162,"column":18},"end":{"line":162,"column":42}},"locations":[{"start":{"line":162,"column":18},"end":{"line":162,"column":42}}]},"26":{"type":"branch","line":162,"loc":{"start":{"line":162,"column":42},"end":{"line":166,"column":5}},"locations":[{"start":{"line":162,"column":42},"end":{"line":166,"column":5}}]},"27":{"type":"branch","line":174,"loc":{"start":{"line":174,"column":22},"end":{"line":180,"column":4}},"locations":[{"start":{"line":174,"column":22},"end":{"line":180,"column":4}}]}},"b":{"0":[63],"1":[0],"2":[0],"3":[0],"4":[2],"5":[61],"6":[63],"7":[63],"8":[63],"9":[63],"10":[63],"11":[63],"12":[63],"13":[63],"14":[63],"15":[63],"16":[11],"17":[11],"18":[0],"19":[3],"20":[0],"21":[1],"22":[50],"23":[1],"24":[0],"25":[1],"26":[1],"27":[49]},"fnMap":{"0":{"name":"ChatInterface","decl":{"start":{"line":23,"column":59},"end":{"line":322,"column":2}},"loc":{"start":{"line":23,"column":59},"end":{"line":322,"column":2}},"line":23},"1":{"name":"handleSend","decl":{"start":{"line":71,"column":21},"end":{"line":84,"column":4}},"loc":{"start":{"line":71,"column":21},"end":{"line":84,"column":4}},"line":71},"2":{"name":"handleStop","decl":{"start":{"line":89,"column":21},"end":{"line":91,"column":4}},"loc":{"start":{"line":89,"column":21},"end":{"line":91,"column":4}},"line":89},"3":{"name":"handleRegenerate","decl":{"start":{"line":96,"column":27},"end":{"line":134,"column":4}},"loc":{"start":{"line":96,"column":27},"end":{"line":134,"column":4}},"line":96},"4":{"name":"handleEditMessage","decl":{"start":{"line":139,"column":28},"end":{"line":145,"column":4}},"loc":{"start":{"line":139,"column":28},"end":{"line":145,"column":4}},"line":139},"5":{"name":"handleKeyDown","decl":{"start":{"line":153,"column":24},"end":{"line":169,"column":4}},"loc":{"start":{"line":153,"column":24},"end":{"line":169,"column":4}},"line":153},"6":{"name":"handleInput","decl":{"start":{"line":174,"column":22},"end":{"line":180,"column":4}},"loc":{"start":{"line":174,"column":22},"end":{"line":180,"column":4}},"line":174},"7":{"name":"onClick","decl":{"start":{"line":219,"column":19},"end":{"line":219,"column":61}},"loc":{"start":{"line":219,"column":19},"end":{"line":219,"column":61}},"line":219},"8":{"name":"onClose","decl":{"start":{"line":317,"column":17},"end":{"line":317,"column":60}},"loc":{"start":{"line":317,"column":17},"end":{"line":317,"column":60}},"line":317}},"f":{"0":63,"1":3,"2":1,"3":0,"4":0,"5":50,"6":49,"7":0,"8":0}}
,"C:\\workspaces\\solo-router\\src\\components\\ConfirmationModal.tsx": {"path":"C:\\workspaces\\solo-router\\src\\components\\ConfirmationModal.tsx","all":false,"statementMap":{"0":{"start":{"line":1,"column":0},"end":{"line":1,"column":3}},"53":{"start":{"line":54,"column":0},"end":{"line":54,"column":69}},"54":{"start":{"line":55,"column":0},"end":{"line":55,"column":9}},"55":{"start":{"line":56,"column":0},"end":{"line":56,"column":8}},"56":{"start":{"line":57,"column":0},"end":{"line":57,"column":10}},"57":{"start":{"line":58,"column":0},"end":{"line":58,"column":26}},"58":{"start":{"line":59,"column":0},"end":{"line":59,"column":24}},"59":{"start":{"line":60,"column":0},"end":{"line":60,"column":22}},"60":{"start":{"line":61,"column":0},"end":{"line":61,"column":12}},"61":{"start":{"line":62,"column":0},"end":{"line":62,"column":11}},"62":{"start":{"line":63,"column":0},"end":{"line":63,"column":7}},"63":{"start":{"line":64,"column":0},"end":{"line":64,"column":59}},"66":{"start":{"line":67,"column":0},"end":{"line":67,"column":19}},"67":{"start":{"line":68,"column":0},"end":{"line":68,"column":45}},"68":{"start":{"line":69,"column":0},"end":{"line":69,"column":39}},"69":{"start":{"line":70,"column":0},"end":{"line":70,"column":5}},"70":{"start":{"line":71,"column":0},"end":{"line":71,"column":15}},"73":{"start":{"line":74,"column":0},"end":{"line":74,"column":19}},"74":{"start":{"line":75,"column":0},"end":{"line":75,"column":24}},"76":{"start":{"line":77,"column":0},"end":{"line":77,"column":48}},"77":{"start":{"line":78,"column":0},"end":{"line":78,"column":31}},"78":{"start":{"line":79,"column":0},"end":{"line":79,"column":19}},"79":{"start":{"line":80,"column":0},"end":{"line":80,"column":7}},"80":{"start":{"line":81,"column":0},"end":{"line":81,"column":6}},"82":{"start":{"line":83,"column":0},"end":{"line":83,"column":55}},"83":{"start":{"line":84,"column":0},"end":{"line":84,"column":71}},"84":{"start":{"line":85,"column":0},"end":{"line":85,"column":25}},"86":{"start":{"line":87,"column":0},"end":{"line":87,"column":16}},"87":{"start":{"line":88,"column":0},"end":{"line":88,"column":16}},"88":{"start":{"line":89,"column":0},"end":{"line":89,"column":3}},"90":{"start":{"line":91,"column":0},"end":{"line":91,"column":10}},"91":{"start":{"line":92,"column":0},"end":{"line":92,"column":96}},"92":{"start":{"line":93,"column":0},"end":{"line":93,"column":91}},"94":{"start":{"line":95,"column":0},"end":{"line":95,"column":108}},"95":{"start":{"line":96,"column":0},"end":{"line":96,"column":51}},"96":{"start":{"line":97,"column":0},"end":{"line":97,"column":29}},"97":{"start":{"line":98,"column":0},"end":{"line":98,"column":98}},"99":{"start":{"line":100,"column":0},"end":{"line":100,"column":95}},"100":{"start":{"line":101,"column":0},"end":{"line":101,"column":16}},"101":{"start":{"line":102,"column":0},"end":{"line":102,"column":17}},"102":{"start":{"line":103,"column":0},"end":{"line":103,"column":30}},"103":{"start":{"line":104,"column":0},"end":{"line":104,"column":119}},"104":{"start":{"line":105,"column":0},"end":{"line":105,"column":50}},"106":{"start":{"line":107,"column":0},"end":{"line":107,"column":27}},"107":{"start":{"line":108,"column":0},"end":{"line":108,"column":19}},"108":{"start":{"line":109,"column":0},"end":{"line":109,"column":14}},"111":{"start":{"line":112,"column":0},"end":{"line":112,"column":29}},"112":{"start":{"line":113,"column":0},"end":{"line":113,"column":71}},"113":{"start":{"line":114,"column":0},"end":{"line":114,"column":14}},"116":{"start":{"line":117,"column":0},"end":{"line":117,"column":111}},"117":{"start":{"line":118,"column":0},"end":{"line":118,"column":17}},"118":{"start":{"line":119,"column":0},"end":{"line":119,"column":30}},"119":{"start":{"line":120,"column":0},"end":{"line":120,"column":156}},"121":{"start":{"line":122,"column":0},"end":{"line":122,"column":24}},"122":{"start":{"line":123,"column":0},"end":{"line":123,"column":19}},"123":{"start":{"line":124,"column":0},"end":{"line":124,"column":17}},"124":{"start":{"line":125,"column":0},"end":{"line":125,"column":34}},"125":{"start":{"line":126,"column":0},"end":{"line":126,"column":31}},"126":{"start":{"line":127,"column":0},"end":{"line":127,"column":96}},"127":{"start":{"line":128,"column":0},"end":{"line":128,"column":25}},"128":{"start":{"line":129,"column":0},"end":{"line":129,"column":47}},"129":{"start":{"line":130,"column":0},"end":{"line":130,"column":49}},"130":{"start":{"line":131,"column":0},"end":{"line":131,"column":15}},"132":{"start":{"line":133,"column":0},"end":{"line":133,"column":25}},"133":{"start":{"line":134,"column":0},"end":{"line":134,"column":19}},"134":{"start":{"line":135,"column":0},"end":{"line":135,"column":14}},"135":{"start":{"line":136,"column":0},"end":{"line":136,"column":12}},"136":{"start":{"line":137,"column":0},"end":{"line":137,"column":10}},"138":{"start":{"line":139,"column":0},"end":{"line":139,"column":2}}},"s":{"0":1,"53":1,"54":8,"55":8,"56":8,"57":8,"58":8,"59":8,"60":8,"61":8,"62":8,"63":8,"66":8,"67":8,"68":7,"69":7,"70":8,"73":8,"74":8,"76":7,"77":1,"78":1,"79":1,"80":1,"82":7,"83":7,"84":8,"86":8,"87":1,"88":1,"90":7,"91":7,"92":7,"94":7,"95":7,"96":7,"97":1,"99":8,"100":8,"101":8,"102":8,"103":8,"104":8,"106":8,"107":8,"108":8,"111":8,"112":8,"113":8,"116":8,"117":8,"118":8,"119":8,"121":8,"122":8,"123":8,"124":8,"125":8,"126":8,"127":8,"128":1,"129":6,"130":8,"132":8,"133":8,"134":8,"135":8,"136":8,"138":8},"branchMap":{"0":{"type":"branch","line":54,"loc":{"start":{"line":54,"column":67},"end":{"line":139,"column":2}},"locations":[{"start":{"line":54,"column":67},"end":{"line":139,"column":2}}]},"1":{"type":"branch","line":87,"loc":{"start":{"line":87,"column":15},"end":{"line":89,"column":3}},"locations":[{"start":{"line":87,"column":15},"end":{"line":89,"column":3}}]},"2":{"type":"branch","line":89,"loc":{"start":{"line":89,"column":2},"end":{"line":97,"column":29}},"locations":[{"start":{"line":89,"column":2},"end":{"line":97,"column":29}}]},"3":{"type":"branch","line":97,"loc":{"start":{"line":97,"column":13},"end":{"line":98,"column":98}},"locations":[{"start":{"line":97,"column":13},"end":{"line":98,"column":98}}]},"4":{"type":"branch","line":128,"loc":{"start":{"line":128,"column":14},"end":{"line":129,"column":47}},"locations":[{"start":{"line":128,"column":14},"end":{"line":129,"column":47}}]},"5":{"type":"branch","line":129,"loc":{"start":{"line":129,"column":18},"end":{"line":130,"column":49}},"locations":[{"start":{"line":129,"column":18},"end":{"line":130,"column":49}}]},"6":{"type":"branch","line":67,"loc":{"start":{"line":67,"column":12},"end":{"line":71,"column":5}},"locations":[{"start":{"line":67,"column":12},"end":{"line":71,"column":5}}]},"7":{"type":"branch","line":68,"loc":{"start":{"line":68,"column":8},"end":{"line":68,"column":44}},"locations":[{"start":{"line":68,"column":8},"end":{"line":68,"column":44}}]},"8":{"type":"branch","line":68,"loc":{"start":{"line":68,"column":44},"end":{"line":70,"column":5}},"locations":[{"start":{"line":68,"column":44},"end":{"line":70,"column":5}}]},"9":{"type":"branch","line":74,"loc":{"start":{"line":74,"column":12},"end":{"line":85,"column":5}},"locations":[{"start":{"line":74,"column":12},"end":{"line":85,"column":5}}]},"10":{"type":"branch","line":75,"loc":{"start":{"line":75,"column":17},"end":{"line":75,"column":24}},"locations":[{"start":{"line":75,"column":17},"end":{"line":75,"column":24}}]},"11":{"type":"branch","line":75,"loc":{"start":{"line":75,"column":17},"end":{"line":84,"column":71}},"locations":[{"start":{"line":75,"column":17},"end":{"line":84,"column":71}}]},"12":{"type":"branch","line":77,"loc":{"start":{"line":77,"column":25},"end":{"line":81,"column":6}},"locations":[{"start":{"line":77,"column":25},"end":{"line":81,"column":6}}]},"13":{"type":"branch","line":84,"loc":{"start":{"line":84,"column":11},"end":{"line":84,"column":71}},"locations":[{"start":{"line":84,"column":11},"end":{"line":84,"column":71}}]}},"b":{"0":[8],"1":[1],"2":[7],"3":[1],"4":[1],"5":[6],"6":[8],"7":[7],"8":[7],"9":[8],"10":[1],"11":[7],"12":[1],"13":[7]},"fnMap":{"0":{"name":"ConfirmationModal","decl":{"start":{"line":54,"column":67},"end":{"line":139,"column":2}},"loc":{"start":{"line":54,"column":67},"end":{"line":139,"column":2}},"line":54},"1":{"name":"handleEscape","decl":{"start":{"line":77,"column":25},"end":{"line":81,"column":6}},"loc":{"start":{"line":77,"column":25},"end":{"line":81,"column":6}},"line":77}},"f":{"0":8,"1":1}}
,"C:\\workspaces\\solo-router\\src\\components\\ConversationSettingsModal.tsx": {"path":"C:\\workspaces\\solo-router\\src\\components\\ConversationSettingsModal.tsx","all":true,"statementMap":{"0":{"start":{"line":1,"column":0},"end":{"line":1,"column":3}},"32":{"start":{"line":33,"column":0},"end":{"line":33,"column":85}},"33":{"start":{"line":34,"column":0},"end":{"line":34,"column":9}},"34":{"start":{"line":35,"column":0},"end":{"line":35,"column":10}},"35":{"start":{"line":36,"column":0},"end":{"line":36,"column":15}},"36":{"start":{"line":37,"column":0},"end":{"line":37,"column":7}},"38":{"start":{"line":39,"column":0},"end":{"line":39,"column":53}},"41":{"start":{"line":42,"column":0},"end":{"line":42,"column":73}},"42":{"start":{"line":43,"column":0},"end":{"line":43,"column":95}},"43":{"start":{"line":44,"column":0},"end":{"line":44,"column":89}},"46":{"start":{"line":47,"column":0},"end":{"line":47,"column":80}},"47":{"start":{"line":48,"column":0},"end":{"line":48,"column":92}},"48":{"start":{"line":49,"column":0},"end":{"line":49,"column":87}},"49":{"start":{"line":50,"column":0},"end":{"line":50,"column":94}},"52":{"start":{"line":53,"column":0},"end":{"line":53,"column":40}},"53":{"start":{"line":54,"column":0},"end":{"line":54,"column":30}},"54":{"start":{"line":55,"column":0},"end":{"line":55,"column":29}},"55":{"start":{"line":56,"column":0},"end":{"line":56,"column":5}},"57":{"start":{"line":58,"column":0},"end":{"line":58,"column":50}},"58":{"start":{"line":59,"column":0},"end":{"line":59,"column":34}},"59":{"start":{"line":60,"column":0},"end":{"line":60,"column":16}},"60":{"start":{"line":61,"column":0},"end":{"line":61,"column":55}},"61":{"start":{"line":62,"column":0},"end":{"line":62,"column":57}},"62":{"start":{"line":63,"column":0},"end":{"line":63,"column":62}},"63":{"start":{"line":64,"column":0},"end":{"line":64,"column":6}},"64":{"start":{"line":65,"column":0},"end":{"line":65,"column":37}},"67":{"start":{"line":68,"column":0},"end":{"line":68,"column":19}},"68":{"start":{"line":69,"column":0},"end":{"line":69,"column":33}},"70":{"start":{"line":71,"column":0},"end":{"line":71,"column":38}},"71":{"start":{"line":72,"column":0},"end":{"line":72,"column":45}},"72":{"start":{"line":73,"column":0},"end":{"line":73,"column":58}},"73":{"start":{"line":74,"column":0},"end":{"line":74,"column":54}},"74":{"start":{"line":75,"column":0},"end":{"line":75,"column":66}},"75":{"start":{"line":76,"column":0},"end":{"line":76,"column":27}},"76":{"start":{"line":77,"column":0},"end":{"line":77,"column":12}},"77":{"start":{"line":78,"column":0},"end":{"line":78,"column":39}},"78":{"start":{"line":79,"column":0},"end":{"line":79,"column":5}},"79":{"start":{"line":80,"column":0},"end":{"line":80,"column":29}},"84":{"start":{"line":85,"column":0},"end":{"line":85,"column":28}},"85":{"start":{"line":86,"column":0},"end":{"line":86,"column":24}},"86":{"start":{"line":87,"column":0},"end":{"line":87,"column":13}},"87":{"start":{"line":88,"column":0},"end":{"line":88,"column":5}},"90":{"start":{"line":91,"column":0},"end":{"line":91,"column":47}},"91":{"start":{"line":92,"column":0},"end":{"line":92,"column":62}},"92":{"start":{"line":93,"column":0},"end":{"line":93,"column":5}},"95":{"start":{"line":96,"column":0},"end":{"line":96,"column":49}},"96":{"start":{"line":97,"column":0},"end":{"line":97,"column":18}},"97":{"start":{"line":98,"column":0},"end":{"line":98,"column":16}},"98":{"start":{"line":99,"column":0},"end":{"line":99,"column":48}},"99":{"start":{"line":100,"column":0},"end":{"line":100,"column":7}},"101":{"start":{"line":102,"column":0},"end":{"line":102,"column":14}},"102":{"start":{"line":103,"column":0},"end":{"line":103,"column":4}},"105":{"start":{"line":106,"column":0},"end":{"line":106,"column":33}},"106":{"start":{"line":107,"column":0},"end":{"line":107,"column":16}},"107":{"start":{"line":108,"column":0},"end":{"line":108,"column":3}},"109":{"start":{"line":110,"column":0},"end":{"line":110,"column":10}},"110":{"start":{"line":111,"column":0},"end":{"line":111,"column":96}},"111":{"start":{"line":112,"column":0},"end":{"line":112,"column":91}},"113":{"start":{"line":114,"column":0},"end":{"line":114,"column":109}},"114":{"start":{"line":115,"column":0},"end":{"line":115,"column":81}},"116":{"start":{"line":117,"column":0},"end":{"line":117,"column":15}},"117":{"start":{"line":118,"column":0},"end":{"line":118,"column":17}},"118":{"start":{"line":119,"column":0},"end":{"line":119,"column":29}},"119":{"start":{"line":120,"column":0},"end":{"line":120,"column":119}},"120":{"start":{"line":121,"column":0},"end":{"line":121,"column":52}},"122":{"start":{"line":123,"column":0},"end":{"line":123,"column":27}},"123":{"start":{"line":124,"column":0},"end":{"line":124,"column":19}},"124":{"start":{"line":125,"column":0},"end":{"line":125,"column":14}},"127":{"start":{"line":128,"column":0},"end":{"line":128,"column":68}},"129":{"start":{"line":130,"column":0},"end":{"line":130,"column":117}},"130":{"start":{"line":131,"column":0},"end":{"line":131,"column":68}},"131":{"start":{"line":132,"column":0},"end":{"line":132,"column":80}},"132":{"start":{"line":133,"column":0},"end":{"line":133,"column":16}},"133":{"start":{"line":134,"column":0},"end":{"line":134,"column":16}},"136":{"start":{"line":137,"column":0},"end":{"line":137,"column":15}},"137":{"start":{"line":138,"column":0},"end":{"line":138,"column":18}},"138":{"start":{"line":139,"column":0},"end":{"line":139,"column":41}},"139":{"start":{"line":140,"column":0},"end":{"line":140,"column":89}},"140":{"start":{"line":141,"column":0},"end":{"line":141,"column":13}},"142":{"start":{"line":143,"column":0},"end":{"line":143,"column":20}},"145":{"start":{"line":146,"column":0},"end":{"line":146,"column":43}},"146":{"start":{"line":147,"column":0},"end":{"line":147,"column":21}},"147":{"start":{"line":148,"column":0},"end":{"line":148,"column":25}},"148":{"start":{"line":149,"column":0},"end":{"line":149,"column":82}},"149":{"start":{"line":150,"column":0},"end":{"line":150,"column":16}},"150":{"start":{"line":151,"column":0},"end":{"line":151,"column":20}},"151":{"start":{"line":152,"column":0},"end":{"line":152
[...]
rt":{"line":238,"column":2},"end":{"line":240,"column":3}},"locations":[{"start":{"line":238,"column":2},"end":{"line":240,"column":3}}]},"39":{"type":"branch","line":247,"loc":{"start":{"line":247,"column":7},"end":{"line":249,"column":1}},"locations":[{"start":{"line":247,"column":7},"end":{"line":249,"column":1}}]},"40":{"type":"branch","line":255,"loc":{"start":{"line":255,"column":7},"end":{"line":261,"column":1}},"locations":[{"start":{"line":255,"column":7},"end":{"line":261,"column":1}}]},"41":{"type":"branch","line":258,"loc":{"start":{"line":258,"column":2},"end":{"line":260,"column":3}},"locations":[{"start":{"line":258,"column":2},"end":{"line":260,"column":3}}]},"42":{"type":"branch","line":365,"loc":{"start":{"line":365,"column":0},"end":{"line":438,"column":1}},"locations":[{"start":{"line":365,"column":0},"end":{"line":438,"column":1}}]},"43":{"type":"branch","line":369,"loc":{"start":{"line":369,"column":21},"end":{"line":437,"column":3}},"locations":[{"start":{"line":369,"column":21},"end":{"line":437,"column":3}}]},"44":{"type":"branch","line":372,"loc":{"start":{"line":372,"column":20},"end":{"line":430,"column":6}},"locations":[{"start":{"line":372,"column":20},"end":{"line":430,"column":6}}]},"45":{"type":"branch","line":375,"loc":{"start":{"line":375,"column":19},"end":{"line":377,"column":9}},"locations":[{"start":{"line":375,"column":19},"end":{"line":377,"column":9}}]},"46":{"type":"branch","line":377,"loc":{"start":{"line":377,"column":8},"end":{"line":383,"column":32}},"locations":[{"start":{"line":377,"column":8},"end":{"line":383,"column":32}}]},"47":{"type":"branch","line":383,"loc":{"start":{"line":383,"column":22},"end":{"line":384,"column":53}},"locations":[{"start":{"line":383,"column":22},"end":{"line":384,"column":53}}]},"48":{"type":"branch","line":384,"loc":{"start":{"line":384,"column":49},"end":{"line":385,"column":49}},"locations":[{"start":{"line":384,"column":49},"end":{"line":385,"column":49}}]},"49":{"type":"branch","line":386,"loc":{"start":{"line":386,"column":10},"end":{"line":388,"column":9}},"locations":[{"start":{"line":386,"column":10},"end":{"line":388,"column":9}}]},"50":{"type":"branch","line":388,"loc":{"start":{"line":388,"column":8},"end":{"line":400,"column":32}},"locations":[{"start":{"line":388,"column":8},"end":{"line":400,"column":32}}]},"51":{"type":"branch","line":400,"loc":{"start":{"line":400,"column":32},"end":{"line":402,"column":15}},"locations":[{"start":{"line":400,"column":32},"end":{"line":402,"column":15}}]},"52":{"type":"branch","line":402,"loc":{"start":{"line":402,"column":8},"end":{"line":413,"column":9}},"locations":[{"start":{"line":402,"column":8},"end":{"line":413,"column":9}}]},"53":{"type":"branch","line":413,"loc":{"start":{"line":413,"column":8},"end":{"line":429,"column":7}},"locations":[{"start":{"line":413,"column":8},"end":{"line":429,"column":7}}]},"54":{"type":"branch","line":413,"loc":{"start":{"line":413,"column":8},"end":{"line":422,"column":15}},"locations":[{"start":{"line":413,"column":8},"end":{"line":422,"column":15}}]},"55":{"type":"branch","line":422,"loc":{"start":{"line":422,"column":6},"end":{"line":429,"column":7}},"locations":[{"start":{"line":422,"column":6},"end":{"line":429,"column":7}}]},"56":{"type":"branch","line":426,"loc":{"start":{"line":426,"column":39},"end":{"line":426,"column":78}},"locations":[{"start":{"line":426,"column":39},"end":{"line":426,"column":78}}]},"57":{"type":"branch","line":405,"loc":{"start":{"line":405,"column":51},"end":{"line":405,"column":62}},"locations":[{"start":{"line":405,"column":51},"end":{"line":405,"column":62}}]},"58":{"type":"branch","line":409,"loc":{"start":{"line":409,"column":12},"end":{"line":409,"column":41}},"locations":[{"start":{"line":409,"column":12},"end":{"line":409,"column":41}}]}},"b":{"0":[277],"1":[2],"2":[88],"3":[9],"4":[78],"5":[2],"6":[73],"7":[1],"8":[72],"9":[4],"10":[1097],"11":[1096],"12":[1],"13":[0],"14":[163],"15":[2],"16":[60],"17":[18],"18":[59],"19":[41],"20":[38],"21":[59],"22":[0],"23":[38],"24":[4],"25":[1],"26":[0],"27":[18],"28":[2],"29":[16],"30":[2],"31":[41],"32":[32],"33":[9],"34":[1],"35":[8],"36":[0],"37":[6],"38":[0],"39":[3],"40":[4],"41":[0],"42":[25],"43":[25],"44":[25],"45":[1],"46":[24],"47":[21],"48":[20],"49":[2],"50":[20],"51":[15],"52":[5],"53":[22],"54":[20],"55":[5],"56":[0],"57":[5],"58":[6]},"fnMap":{"0":{"name":"saveConversations","decl":{"start":{"line":37,"column":7},"end":{"line":46,"column":1}},"loc":{"start":{"line":37,"column":7},"end":{"line":46,"column":1}},"line":37},"1":{"name":"loadConversations","decl":{"start":{"line":52,"column":7},"end":{"line":88,"column":1}},"loc":{"start":{"line":52,"column":7},"end":{"line":88,"column":1}},"line":52},"2":{"name":"clearConversations","decl":{"start":{"line":94,"column":7},"end":{"line":100,"column":1}},"loc":{"start":{"line":94,"column":7},"end":{"line":100,"column":1}},"line":94},"3":{"name":"saveSettings","decl":{"start":{"line":123,"column":7},"end":{"line":130,"column":1}},"loc":{"start":{"line":123,"column":7},"end":{"line":130,"column":1}},"line":123},"4":{"name":"loadSettings","decl":{"start":{"line":136,"column":7},"end":{"line":161,"column":1}},"loc":{"start":{"line":136,"column":7},"end":{"line":161,"column":1}},"line":136},"5":{"name":"clearSettings","decl":{"start":{"line":166,"column":7},"end":{"line":172,"column":1}},"loc":{"start":{"line":166,"column":7},"end":{"line":172,"column":1}},"line":166},"6":{"name":"saveApiKey","decl":{"start":{"line":186,"column":7},"end":{"line":202,"column":1}},"loc":{"start":{"line":186,"column":7},"end":{"line":202,"column":1}},"line":186},"7":{"name":"getApiKey","decl":{"start":{"line":209,"column":7},"end":{"line":228,"column":1}},"loc":{"start":{"line":209,"column":7},"end":{"line":228,"column":1}},"line":209},"8":{"name":"clearApiKey","decl":{"start":{"line":234,"column":7},"end":{"line":241,"column":1}},"loc":{"start":{"line":234,"column":7},"end":{"line":241,"column":1}},"line":234},"9":{"name":"hasApiKey","decl":{"start":{"line":247,"column":7},"end":{"line":249,"column":1}},"loc":{"start":{"line":247,"column":7},"end":{"line":249,"column":1}},"line":247},"10":{"name":"isApiKeyPersisted","decl":{"start":{"line":255,"column":7},"end":{"line":261,"column":1}},"loc":{"start":{"line":255,"column":7},"end":{"line":261,"column":1}},"line":255},"11":{"name":"estimateStorageSize","decl":{"start":{"line":272,"column":7},"end":{"line":295,"column":1}},"loc":{"start":{"line":272,"column":7},"end":{"line":295,"column":1}},"line":272},"12":{"name":"isStorageNearLimit","decl":{"start":{"line":301,"column":7},"end":{"line":305,"column":1}},"loc":{"start":{"line":301,"column":7},"end":{"line":305,"column":1}},"line":301},"13":{"name":"exportData","decl":{"start":{"line":325,"column":7},"end":{"line":357,"column":1}},"loc":{"start":{"line":325,"column":7},"end":{"line":357,"column":1}},"line":325},"14":{"name":"importData","decl":{"start":{"line":365,"column":0},"end":{"line":438,"column":1}},"loc":{"start":{"line":365,"column":0},"end":{"line":438,"column":1}},"line":365},"15":{"name":"reader.onload","decl":{"start":{"line":372,"column":20},"end":{"line":430,"column":6}},"loc":{"start":{"line":372,"column":20},"end":{"line":430,"column":6}},"line":372},"16":{"name":"reader.onerror","decl":{"start":{"line":432,"column":21},"end":{"line":434,"column":6}},"loc":{"start":{"line":432,"column":21},"end":{"line":434,"column":6}},"line":432}},"f":{"0":277,"1":88,"2":1,"3":163,"4":60,"5":1,"6":18,"7":41,"8":6,"9":3,"10":4,"11":0,"12":0,"13":0,"14":25,"15":25,"16":0}}
,"C:\\workspaces\\solo-router\\src\\utils\\tokenUtils.ts": {"path":"C:\\workspaces\\solo-router\\src\\utils\\tokenUtils.ts","all":false,"statementMap":{"17":{"start":{"line":18,"column":0},"end":{"line":18,"column":30}},"18":{"start":{"line":19,"column":0},"end":{"line":19,"column":18}},"19":{"start":{"line":20,"column":0},"end":{"line":20,"column":23}},"20":{"start":{"line":21,"column":0},"end":{"line":21,"column":27}},"21":{"start":{"line":22,"column":0},"end":{"line":22,"column":24}},"22":{"start":{"line":23,"column":0},"end":{"line":23,"column":18}},"24":{"start":{"line":25,"column":0},"end":{"line":25,"column":53}},"26":{"start":{"line":27,"column":0},"end":{"line":27,"column":24}},"27":{"start":{"line":28,"column":0},"end":{"line":28,"column":16}},"28":{"start":{"line":29,"column":0},"end":{"line":29,"column":3}},"32":{"start":{"line":33,"column":0},"end":{"line":33,"column":71}},"33":{"start":{"line":34,"column":0},"end":{"line":34,"column":83}},"35":{"start":{"line":36,"column":0},"end":{"line":36,"column":37}},"36":{"start":{"line":37,"column":0},"end":{"line":37,"column":1}},"44":{"start":{"line":45,"column":0},"end":{"line":45,"column":57}},"45":{"start":{"line":46,"column":0},"end":{"line":46,"column":22}},"46":{"start":{"line":47,"column":0},"end":{"line":47,"column":17}},"47":{"start":{"line":48,"column":0},"end":{"line":48,"column":3}},"49":{"start":{"line":50,"column":0},"end":{"line":50,"column":22}},"50":{"start":{"line":51,"column":0},"end":{"line":51,"column":22}},"51":{"start":{"line":52,"column":0},"end":{"line":52,"column":3}},"53":{"start":{"line":54,"column":0},"end":{"line":54,"column":20}},"55":{"start":{"line":56,"column":0},"end":{"line":56,"column":33}},"56":{"start":{"line":57,"column":0},"end":{"line":57,"column":3}},"58":{"start":{"line":59,"column":0},"end":{"line":59,"column":17}},"60":{"start":{"line":61,"column":0},"end":{"line":61,"column":33}},"61":{"start":{"line":62,"column":0},"end":{"line":62,"column":3}},"64":{"start":{"line":65,"column":0},"end":{"line":65,"column":31}},"65":{"start":{"line":66,"column":0},"end":{"line":66,"column":1}},"73":{"start":{"line":74,"column":0},"end":{"line":74,"column":100}},"74":{"start":{"line":75,"column":0},"end":{"line":75,"column":17}},"75":{"start":{"line":76,"column":0},"end":{"line":76,"column":14}},"76":{"start":{"line":77,"column":0},"end":{"line":77,"column":3}},"78":{"start":{"line":79,"column":0},"end":{"line":79,"column":48}},"79":{"start":{"line":80,"column":0},"end":{"line":80,"column":56}},"81":{"start":{"line":82,"column":0},"end":{"line":82,"column":61}},"82":{"start":{"line":83,"column":0},"end":{"line":83,"column":1}},"91":{"start":{"line":92,"column":0},"end":{"line":92,"column":58}},"94":{"start":{"line":95,"column":0},"end":{"line":95,"column":36}},"95":{"start":{"line":96,"column":0},"end":{"line":96,"column":1}},"105":{"start":{"line":106,"column":0},"end":{"line":106,"column":43}},"106":{"start":{"line":107,"column":0},"end":{"line":107,"column":53}},"107":{"start":{"line":108,"column":0},"end":{"line":108,"column":30}},"108":{"start":{"line":109,"column":0},"end":{"line":109,"column":11}},"109":{"start":{"line":110,"column":0},"end":{"line":110,"column":16}},"112":{"start":{"line":113,"column":0},"end":{"line":113,"column":21}},"113":{"start":{"line":114,"column":0},"end":{"line":114,"column":46}},"115":{"start":{"line":116,"column":0},"end":{"line":116,"column":15}},"116":{"start":{"line":117,"column":0},"end":{"line":117,"column":3}},"119":{"start":{"line":120,"column":0},"end":{"line":120,"column":31}},"120":{"start":{"line":121,"column":0},"end":{"line":121,"column":45}},"122":{"start":{"line":123,"column":0},"end":{"line":123,"column":15}},"123":{"start":{"line":124,"column":0},"end":{"line":124,"column":3}},"126":{"start":{"line":127,"column":0},"end":{"line":127,"column":13}},"128":{"start":{"line":129,"column":0},"end":{"line":129,"column":15}},"129":{"start":{"line":130,"column":0},"end":{"line":130,"column":1}},"139":{"start":{"line":140,"column":0},"end":{"line":140,"column":35}},"140":{"start":{"line":141,"column":0},"end":{"line":141,"column":26}},"141":{"start":{"line":142,"column":0},"end":{"line":142,"column":29}},"142":{"start":{"line":143,"column":0},"end":{"line":143,"column":25}},"143":{"start":{"line":144,"column":0},"end":{"line":144,"column":12}},"144":{"start":{"line":145,"column":0},"end":{"line":145,"column":58}},"145":{"start":{"line":146,"column":0},"end":{"line":146,"column":1}},"155":{"start":{"line":156,"column":0},"end":{"line":156,"column":38}},"156":{"start":{"line":157,"column":0},"end":{"line":157,"column":22}},"157":{"start":{"line":158,"column":0},"end":{"line":158,"column":41}},"158":{"start":{"line":159,"column":0},"end":{"line":159,"column":45}},"160":{"start":{"line":161,"column":0},"end":{"line":161,"column":46}},"161":{"start":{"line":162,"column":0},"end":{"line":162,"column":19}},"162":{"start":{"line":163,"column":0},"end":{"line":163,"column":25}},"163":{"start":{"line":164,"column":0},"end":{"line":164,"column":6}},"166":{"start":{"line":167,"column":0},"end":{"line":167,"column":21}},"167":{"start":{"line":168,"column":0},"end":{"line":168,"column":25}},"168":{"start":{"line":169,"column":0},"end":{"line":169,"column":21}},"169":{"start":{"line":170,"column":0},"end":{"line":170,"column":28}},"170":{"start":{"line":171,"column":0},"end":{"line":171,"column":7}},"171":{"start":{"line":172,"column":0},"end":{"line":172,"column":3}},"173":{"start":{"line":174,"column":0},"end":{"line":174,"column":21}},"174":{"start":{"line":175,"column":0},"end":{"line":175,"column":1}}},"s":{"17":1,"18":6,"19":6,"20":6,"21":6,"22":6,"24":6,"26":6,"27":2,"28":2,"32":4,"33":4,"35":4,"36":4,"44":1,"45":11,"46":1,"47":1,"49":11,"50":3,"51":3,"53":11,"55":2,"56":2,"58":11,"60":2,"61":2,"64":3,"65":3,"73":1,"74":362,"75":1,"76":1,"78":361,"79":361,"81":361,"82":361,"91":1,"94":11613,"95":11613,"105":1,"106":203,"107":203,"108":203,"109":203,"112":203,"113":2,"115":2,"116":2,"119":203,"120":11594,"122":11594,"123":11594,"126":203,"128":203,"129":203,"139":1,"140":10014,"141":10014,"142":10014,"143":10014,"144":10014,"145":10014,"155":1,"156":97,"157":97,"158":97,"160":97,"161":783,"162":783,"163":97,"166":97,"167":4,"168":4,"169":4,"170":4,"171":4,"173":97,"174":97},"branchMap":{"0":{"type":"branch","line":18,"loc":{"start":{"line":18,"column":7},"end":{"line":37,"column":1}},"locations":[{"start":{"line":18,"column":7},"end":{"line":37,"column":1}}]},"1":{"type":"branch","line":27,"loc":{"start":{"line":27,"column":7},"end":{"line":27,"column":23}},"locations":[{"start":{"line":27,"column":7},"end":{"line":27,"column":23}}]},"2":{"type":"branch","line":27,"loc":{"start":{"line":27,"column":23},"end":{"line":29,"column":3}},"locations":[{"start":{"line":27,"column":23},"end":{"line":29,"column":3}}]},"3":{"type":"branch","line":29,"loc":{"start":{"line":29,"column":2},"end":{"line":37,"column":1}},"locations":[{"start":{"line":29,"column":2},"end":{"line":37,"column":1}}]},"4":{"type":"branch","line":25,"loc":{"start":{"line":25,"column":28},"end":{"line":25,"column":51}},"locations":[{"start":{"line":25,"column":28},"end":{"line":25,"column":51}}]},"5":{"type":"branch","line":45,"loc":{"start":{"line":45,"column":7},"end":{"line":66,"column":1}},"locations":[{"start":{"line":45,"column":7},"end":{"line":66,"column":1}}]},"6":{"type":"branch","line":46,"loc":{"start":{"line":46,"column":21},"end":{"line":48,"column":3}},"locations":[{"start":{"line":46,"column":21},"end":{"line":48,"column":3}}]},"7":{"type":"branch","line":48,"loc":{"start":{"line":48,"column":2},"end":{"line":50,"column":21}},"locations":[{"start":{"line":48,"column":2},"end":{"line":50,"column":21}}]},"8":{"type":"branch","line":50,"loc":{"start":{"line":50,"column":21},"end":{"line":52,"column":3}},"locations":[{"start":{"line":50,"column":21},"end":{"line":52,"column":3}}]},"9":{"type":"branch","line":52,"loc":{"start":{"line":52,"column":2},"end":{"line":54,"column":19}},"locations":[{"start":{"line":52,"column":2},"end":{"line":54,"column":19}}]},"10":{"type":"branch","line":54,"loc":{"start":{"line":54,"column":19},"end":{"line":57,"column":3}},"locations":[{"start":{"line":54,"column":19},"end":{"line":57,"column":3}}]},"11":{"type":"branch","line":57,"loc":{"start":{"line":57,"column":2},"end":{"line":59,"column":16}},"locations":[{"start":{"line":57,"column":2},"end":{"line":59,"column":16}}]},"12":{"type":"branch","line":59,"loc":{"start":{"line":59,"column":16},"end":{"line":62,"column":3}},"locations":[{"start":{"line":59,"column":16},"end":{"line":62,"column":3}}]},"13":{"type":"branch","line":62,"loc":{"start":{"line":62,"column":2},"end":{"line":66,"column":1}},"locations":[{"start":{"line":62,"column":2},"end":{"line":66,"column":1}}]},"14":{"type":"branch","line":74,"loc":{"start":{"line":74,"column":7},"end":{"line":83,"column":1}},"locations":[{"start":{"line":74,"column":7},"end":{"line":83,"column":1}}]},"15":{"type":"branch","line":75,"loc":{"start":{"line":75,"column":16},"end":{"line":77,"column":3}},"locations":[{"start":{"line":75,"column":16},"end":{"line":77,"column":3}}]},"16":{"type":"branch","line":77,"loc":{"start":{"line":77,"column":2},"end":{"line":83,"column":1}},"locations":[{"start":{"line":77,"column":2},"end":{"line":83,"column":1}}]},"17":{"type":"branch","line":92,"loc":{"start":{"line":92,"column":7},"end":{"line":96,"column":1}},"locations":[{"start":{"line":92,"column":7},"end":{"line":96,"column":1}}]},"18":{"type":"branch","line":106,"loc":{"start":{"line":106,"column":7},"end":{"line":130,"column":1}},"locations":[{"start":{"line":106,"column":7},"end":{"line":130,"column":1}}]},"19":{"type":"branch","line":113,"loc":{"start":{"line":113,"column":20},"end":{"line":117,"column":3}},"locations":[{"start":{"line":113,"column":20},"end":{"line":117,"column":3}}]},"20":{"type":"branch","line":120,"loc":{"start":{"line":120,"column":30},"end":{"line":124,"column":3}},"locations":[{"start":{"line":120,"column":30},"end":{"line":124,"column":3}}]},"21":{"type":"branch","line":140,"loc":{"start":{"line":140,"column":7},"end":{"line":146,"column":1}},"locations":[{"start":{"line":140,"column":7},"end":{"line":146,"column":1}}]},"22":{"type":"branch","line":156,"loc":{"start":{"line":156,"column":7},"end":{"line":175,"column":1}},"locations":[{"start":{"line":156,"column":7},"end":{"line":175,"column":1}}]},"23":{"type":"branch","line":167,"loc":{"start":{"line":167,"column":20},"end":{"line":172,"column":3}},"locations":[{"start":{"line":167,"column":20},"end":{"line":172,"column":3}}]},"24":{"type":"branch","line":161,"loc":{"start":{"line":161,"column":35},"end":{"line":164,"column":4}},"locations":[{"start":{"line":161,"column":35},"end":{"line":164,"column":4}}]}},"b":{"0":[6],"1":[5],"2":[2],"3":[4],"4":[11],"5":[11],"6":[1],"7":[10],"8":[3],"9":[7],"10":[2],"11":[5],"12":[2],"13":[3],"14":[362],"15":[1],"16":[361],"17":[11613],"18":[203],"19":[2],"20":[11594],"21":[10014],"22":[97],"23":[4],"24":[783]},"fnMap":{"0":{"name":"calculateCost","decl":{"start":{"line":18,"column":7},"end":{"line":37,"column":1}},"loc":{"start":{"line":18,"column":7},"end":{"line":37,"column":1}},"line":18},"1":{"name":"formatCost","decl":{"start":{"line":45,"column":7},"end":{"line":66,"column":1}},"loc":{"start":{"line":45,"column":7},"end":{"line":66,"column":1}},"line":45},"2":{"name":"formatPricing","decl":{"start":{"line":74,"column":7},"end":{"line":83,"column":1}},"loc":{"start":{"line":74,"column":7},"end":{"line":83,"column":1}},"line":74},"3":{"name":"estimateTokenCount","decl":{"start":{"line":92,"column":7},"end":{"line":96,"column":1}},"loc":{"start":{"line":92,"column":7},"end":{"line":96,"column":1}},"line":92},"4":{"name":"estimateConversationTokens","decl":{"start":{"line":106,"column":7},"end":{"line":130,"column":1}},"loc":{"start":{"line":106,"column":7},"end":{"line":130,"column":1}},"line":106},"5":{"name":"isNearContextLimit","decl":{"start":{"line":140,"column":7},"end":{"line":146,"column":1}},"loc":{"start":{"line":140,"column":7},"end":{"line":146,"column":1}},"line":140},"6":{"name":"prepareMessagesForApi","decl":{"start":{"line":156,"column":7},"end":{"line":175,"column":1}},"loc":{"start":{"line":156,"column":7},"end":{"line":175,"column":1}},"line":156}},"f":{"0":6,"1":11,"2":362,"3":11613,"4":203,"5":10014,"6":97}}
}
